SF:/Users/alex/repos/victoryforphil/lil-hopps/src/simulation/actors/mod.rs
FN:38,_RNCNvNtNtNtCs1jsxYAWhfUx_9lil_hopps10simulation6actors5tests14test_sim_actor0B9_
FN:21,_RNvMNtNtNtCs1jsxYAWhfUx_9lil_hopps10simulation6actors5testsNtB2_9TestActor3new
FN:39,_RNvNtNtNtCs1jsxYAWhfUx_9lil_hopps10simulation6actors5testss_14test_sim_actor
FN:29,_RNvXs_NtNtNtCs1jsxYAWhfUx_9lil_hopps10simulation6actors5testsNtB4_9TestActorINtB6_8SimActorbE4init
FN:33,_RNvXs_NtNtNtCs1jsxYAWhfUx_9lil_hopps10simulation6actors5testsNtB4_9TestActorINtB6_8SimActorbE4step
FNDA:1,_RNCNvNtNtNtCs1jsxYAWhfUx_9lil_hopps10simulation6actors5tests14test_sim_actor0B9_
FNDA:1,_RNvMNtNtNtCs1jsxYAWhfUx_9lil_hopps10simulation6actors5testsNtB2_9TestActor3new
FNDA:1,_RNvNtNtNtCs1jsxYAWhfUx_9lil_hopps10simulation6actors5testss_14test_sim_actor
FNDA:1,_RNvXs_NtNtNtCs1jsxYAWhfUx_9lil_hopps10simulation6actors5testsNtB4_9TestActorINtB6_8SimActorbE4init
FNDA:1,_RNvXs_NtNtNtCs1jsxYAWhfUx_9lil_hopps10simulation6actors5testsNtB4_9TestActorINtB6_8SimActorbE4step
FNF:5
FNH:5
DA:21,1
DA:22,1
DA:23,1
DA:24,1
DA:25,1
DA:29,1
DA:30,1
DA:31,1
DA:33,1
DA:34,1
DA:35,1
DA:38,1
DA:39,1
DA:40,1
DA:41,1
DA:42,1
DA:43,1
DA:44,1
DA:45,1
DA:46,1
DA:47,1
BRF:0
BRH:0
LF:21
LH:21
end_of_record
SF:/Users/alex/repos/victoryforphil/lil-hopps/src/simulation/actors/uav_actor.rs
FN:89,_RNvNtNtNtNtCs1jsxYAWhfUx_9lil_hopps10simulation6actors9uav_actor5testss_14test_uav_actor
FN:88,_RNCNvNtNtNtNtCs1jsxYAWhfUx_9lil_hopps10simulation6actors9uav_actor5tests14test_uav_actor0Bb_
FN:10,_RNvXs1_NtNtNtCs1jsxYAWhfUx_9lil_hopps10simulation6actors9uav_actorNtB5_14UAVActorResultNtNtCs8wOFr1cHCbA_4core3fmt5Debug3fmt
FN:72,_RNvXs0_NtNtNtCs1jsxYAWhfUx_9lil_hopps10simulation6actors9uav_actorNtB5_8UAVActorINtB7_8SimActorNtB5_14UAVActorResultE4step
FN:59,_RNvXs0_NtNtNtCs1jsxYAWhfUx_9lil_hopps10simulation6actors9uav_actorNtB5_8UAVActorINtB7_8SimActorNtB5_14UAVActorResultE4init
FN:16,_RNvMNtNtNtCs1jsxYAWhfUx_9lil_hopps10simulation6actors9uav_actorNtB2_14UAVActorResult3new
FN:30,_RNvMs_NtNtNtCs1jsxYAWhfUx_9lil_hopps10simulation6actors9uav_actorNtB4_8UAVActor3new
FN:38,_RNvMs_NtNtNtCs1jsxYAWhfUx_9lil_hopps10simulation6actors9uav_actorNtB4_8UAVActor17apply_motor_force
FN:10,_RNvXs2_NtNtNtCs1jsxYAWhfUx_9lil_hopps10simulation6actors9uav_actorNtB5_14UAVActorResultNtNtCs8wOFr1cHCbA_4core5clone5Clone5cloneBb_
FNDA:1,_RNvNtNtNtNtCs1jsxYAWhfUx_9lil_hopps10simulation6actors9uav_actor5testss_14test_uav_actor
FNDA:1,_RNCNvNtNtNtNtCs1jsxYAWhfUx_9lil_hopps10simulation6actors9uav_actor5tests14test_uav_actor0Bb_
FNDA:0,_RNvXs1_NtNtNtCs1jsxYAWhfUx_9lil_hopps10simulation6actors9uav_actorNtB5_14UAVActorResultNtNtCs8wOFr1cHCbA_4core3fmt5Debug3fmt
FNDA:2006,_RNvXs0_NtNtNtCs1jsxYAWhfUx_9lil_hopps10simulation6actors9uav_actorNtB5_8UAVActorINtB7_8SimActorNtB5_14UAVActorResultE4step
FNDA:5,_RNvXs0_NtNtNtCs1jsxYAWhfUx_9lil_hopps10simulation6actors9uav_actorNtB5_8UAVActorINtB7_8SimActorNtB5_14UAVActorResultE4init
FNDA:2019,_RNvMNtNtNtCs1jsxYAWhfUx_9lil_hopps10simulation6actors9uav_actorNtB2_14UAVActorResult3new
FNDA:5,_RNvMs_NtNtNtCs1jsxYAWhfUx_9lil_hopps10simulation6actors9uav_actorNtB4_8UAVActor3new
FNDA:2006,_RNvMs_NtNtNtCs1jsxYAWhfUx_9lil_hopps10simulation6actors9uav_actorNtB4_8UAVActor17apply_motor_force
FNDA:3008,_RNvXs2_NtNtNtCs1jsxYAWhfUx_9lil_hopps10simulation6actors9uav_actorNtB5_14UAVActorResultNtNtCs8wOFr1cHCbA_4core5clone5Clone5cloneBb_
FNF:9
FNH:8
DA:10,3008
DA:16,2019
DA:17,2019
DA:18,2019
DA:19,2019
DA:20,2019
DA:30,5
DA:31,5
DA:32,5
DA:33,5
DA:34,5
DA:35,5
DA:36,5
DA:38,2006
DA:40,10030
DA:41,8024
DA:42,8024
DA:43,8024
DA:44,8024
DA:45,8024
DA:46,8024
DA:47,8024
DA:48,8024
DA:49,8024
DA:50,8024
DA:51,8024
DA:52,8024
DA:55,2006
DA:59,5
DA:60,5
DA:61,5
DA:62,5
DA:63,5
DA:64,5
DA:65,5
DA:66,5
DA:67,5
DA:68,5
DA:69,5
DA:70,5
DA:72,2006
DA:73,2006
DA:74,2006
DA:75,2006
DA:76,2006
DA:77,2006
DA:78,2006
DA:88,1
DA:89,1
DA:90,1
DA:91,1
DA:92,1
DA:93,1
DA:94,1
DA:95,1
DA:96,1
DA:97,1
BRF:0
BRH:0
LF:58
LH:57
end_of_record
SF:/Users/alex/repos/victoryforphil/lil-hopps/src/simulation/actors/world_actor.rs
FN:8,_RNvXs1_NtNtNtCs1jsxYAWhfUx_9lil_hopps10simulation6actors11world_actorNtB5_16WorldActorResultNtNtCs8wOFr1cHCbA_4core3fmt5Debug3fmt
FN:60,_RNvNtNtNtNtCs1jsxYAWhfUx_9lil_hopps10simulation6actors11world_actor5testss_16test_world_actor
FN:59,_RNCNvNtNtNtNtCs1jsxYAWhfUx_9lil_hopps10simulation6actors11world_actor5tests16test_world_actor0Bb_
FN:43,_RNvXs0_NtNtNtCs1jsxYAWhfUx_9lil_hopps10simulation6actors11world_actorNtB5_10WorldActorINtB7_8SimActorNtB5_16WorldActorResultE4step
FN:26,_RNvMs_NtNtNtCs1jsxYAWhfUx_9lil_hopps10simulation6actors11world_actorNtB4_10WorldActor3new
FN:8,_RNvXs2_NtNtNtCs1jsxYAWhfUx_9lil_hopps10simulation6actors11world_actorNtB5_16WorldActorResultNtNtCs8wOFr1cHCbA_4core5clone5Clone5cloneBb_
FN:14,_RNvMNtNtNtCs1jsxYAWhfUx_9lil_hopps10simulation6actors11world_actorNtB2_16WorldActorResult3new
FN:35,_RNvXs0_NtNtNtCs1jsxYAWhfUx_9lil_hopps10simulation6actors11world_actorNtB5_10WorldActorINtB7_8SimActorNtB5_16WorldActorResultE4init
FNDA:0,_RNvXs1_NtNtNtCs1jsxYAWhfUx_9lil_hopps10simulation6actors11world_actorNtB5_16WorldActorResultNtNtCs8wOFr1cHCbA_4core3fmt5Debug3fmt
FNDA:1,_RNvNtNtNtNtCs1jsxYAWhfUx_9lil_hopps10simulation6actors11world_actor5testss_16test_world_actor
FNDA:1,_RNCNvNtNtNtNtCs1jsxYAWhfUx_9lil_hopps10simulation6actors11world_actor5tests16test_world_actor0Bb_
FNDA:2006,_RNvXs0_NtNtNtCs1jsxYAWhfUx_9lil_hopps10simulation6actors11world_actorNtB5_10WorldActorINtB7_8SimActorNtB5_16WorldActorResultE4step
FNDA:5,_RNvMs_NtNtNtCs1jsxYAWhfUx_9lil_hopps10simulation6actors11world_actorNtB4_10WorldActor3new
FNDA:3008,_RNvXs2_NtNtNtCs1jsxYAWhfUx_9lil_hopps10simulation6actors11world_actorNtB5_16WorldActorResultNtNtCs8wOFr1cHCbA_4core5clone5Clone5cloneBb_
FNDA:2017,_RNvMNtNtNtCs1jsxYAWhfUx_9lil_hopps10simulation6actors11world_actorNtB2_16WorldActorResult3new
FNDA:5,_RNvXs0_NtNtNtCs1jsxYAWhfUx_9lil_hopps10simulation6actors11world_actorNtB5_10WorldActorINtB7_8SimActorNtB5_16WorldActorResultE4init
FNF:8
FNH:7
DA:8,3008
DA:14,2017
DA:15,2017
DA:16,2017
DA:17,2017
DA:18,2017
DA:26,5
DA:27,5
DA:28,5
DA:29,5
DA:30,5
DA:35,5
DA:36,5
DA:37,5
DA:38,5
DA:39,5
DA:40,5
DA:41,5
DA:43,2006
DA:44,2006
DA:45,2006
DA:46,2006
DA:47,2006
DA:48,2006
DA:59,1
DA:60,1
DA:61,1
DA:62,1
DA:63,1
DA:64,1
DA:65,1
DA:66,1
DA:67,1
DA:69,1
DA:70,1
BRF:0
BRH:0
LF:36
LH:35
end_of_record
SF:/Users/alex/repos/victoryforphil/lil-hopps/src/simulation/context.rs
FN:24,_RNvMNtNtCs1jsxYAWhfUx_9lil_hopps10simulation7contextNtB2_17SimulationContext3new
FN:51,_RNCNvNtNtNtCs1jsxYAWhfUx_9lil_hopps10simulation7context5tests12test_context0B9_
FN:52,_RNvNtNtNtCs1jsxYAWhfUx_9lil_hopps10simulation7context5testss_12test_context
FNDA:12,_RNvMNtNtCs1jsxYAWhfUx_9lil_hopps10simulation7contextNtB2_17SimulationContext3new
FNDA:1,_RNCNvNtNtNtCs1jsxYAWhfUx_9lil_hopps10simulation7context5tests12test_context0B9_
FNDA:1,_RNvNtNtNtCs1jsxYAWhfUx_9lil_hopps10simulation7context5testss_12test_context
FNF:3
FNH:3
DA:24,12
DA:25,12
DA:26,12
DA:27,12
DA:28,12
DA:29,12
DA:30,12
DA:31,12
DA:32,12
DA:33,12
DA:34,12
DA:35,12
DA:36,12
DA:37,12
DA:38,12
DA:39,12
DA:40,12
DA:41,12
DA:51,1
DA:52,1
DA:53,1
DA:54,1
DA:55,1
DA:56,1
BRF:0
BRH:0
LF:24
LH:24
end_of_record
SF:/Users/alex/repos/victoryforphil/lil-hopps/src/simulation/mod.rs
FN:112,_RNCNvNtNtCs1jsxYAWhfUx_9lil_hopps10simulation5tests15test_simulation0B7_
FN:103,_RNvMNtCs1jsxYAWhfUx_9lil_hopps10simulationNtB2_10Simulation4stop
FN:34,_RNvMNtCs1jsxYAWhfUx_9lil_hopps10simulationNtB2_10Simulation4init
FN:23,_RNvMNtCs1jsxYAWhfUx_9lil_hopps10simulationNtB2_10Simulation3new
FN:60,_RNvMNtCs1jsxYAWhfUx_9lil_hopps10simulationNtB2_10Simulation4step
FN:113,_RNvNtNtCs1jsxYAWhfUx_9lil_hopps10simulation5testss_15test_simulation
FNDA:1,_RNCNvNtNtCs1jsxYAWhfUx_9lil_hopps10simulation5tests15test_simulation0B7_
FNDA:3,_RNvMNtCs1jsxYAWhfUx_9lil_hopps10simulationNtB2_10Simulation4stop
FNDA:4,_RNvMNtCs1jsxYAWhfUx_9lil_hopps10simulationNtB2_10Simulation4init
FNDA:4,_RNvMNtCs1jsxYAWhfUx_9lil_hopps10simulationNtB2_10Simulation3new
FNDA:2005,_RNvMNtCs1jsxYAWhfUx_9lil_hopps10simulationNtB2_10Simulation4step
FNDA:1,_RNvNtNtCs1jsxYAWhfUx_9lil_hopps10simulation5testss_15test_simulation
FNF:6
FNH:6
DA:23,4
DA:24,4
DA:25,4
DA:26,4
DA:27,4
DA:28,4
DA:29,4
DA:30,4
DA:31,4
DA:32,4
DA:34,4
DA:35,4
DA:36,4
DA:37,4
DA:38,4
DA:39,4
DA:40,4
DA:41,4
DA:42,4
DA:43,0
DA:44,0
DA:45,0
DA:48,4
DA:49,4
DA:50,4
DA:51,4
DA:52,0
DA:53,0
DA:54,0
DA:57,4
DA:58,4
DA:60,2005
DA:61,2005
DA:62,2005
DA:63,2005
DA:64,2005
DA:65,2005
DA:66,2005
DA:67,2005
DA:68,2005
DA:69,2005
DA:70,2005
DA:71,2005
DA:72,2005
DA:73,2005
DA:74,2005
DA:75,2005
DA:76,2005
DA:77,2005
DA:78,2005
DA:79,2005
DA:80,2005
DA:81,2005
DA:82,2005
DA:83,2005
DA:84,2005
DA:85,2005
DA:86,0
DA:87,0
DA:88,0
DA:91,2005
DA:92,2005
DA:93,2005
DA:94,2005
DA:95,0
DA:96,0
DA:97,0
DA:101,2005
DA:103,3
DA:104,3
DA:105,3
DA:112,1
DA:113,1
DA:114,1
DA:115,1
DA:116,1
DA:117,1
DA:118,1
BRF:0
BRH:0
LF:78
LH:66
end_of_record
SF:/Users/alex/repos/victoryforphil/lil-hopps/src/simulation/runner.rs
FN:89,_RNCNvNtNtNtCs1jsxYAWhfUx_9lil_hopps10simulation6runner5tests15test_sim_runner0B9_
FN:106,_RNCNvNtNtNtCs1jsxYAWhfUx_9lil_hopps10simulation6runner5tests24test_sim_runner_unjoined0B9_
FN:121,_RNCNvNtNtNtCs1jsxYAWhfUx_9lil_hopps10simulation6runner5tests26test_sim_runner_unthreaded0B9_
FN:44,_RNCNvMNtNtCs1jsxYAWhfUx_9lil_hopps10simulation6runnerNtB4_9SimRunner5start0B8_
FN:107,_RNvNtNtNtCs1jsxYAWhfUx_9lil_hopps10simulation6runner5testss_24test_sim_runner_unjoined
FN:122,_RNvNtNtNtCs1jsxYAWhfUx_9lil_hopps10simulation6runner5testss_26test_sim_runner_unthreaded
FN:90,_RNvNtNtNtCs1jsxYAWhfUx_9lil_hopps10simulation6runner5testss_15test_sim_runner
FN:36,_RNvMNtNtCs1jsxYAWhfUx_9lil_hopps10simulation6runnerNtB2_9SimRunner5start
FN:26,_RNvMNtNtCs1jsxYAWhfUx_9lil_hopps10simulation6runnerNtB2_9SimRunner3new
FNDA:1,_RNCNvNtNtNtCs1jsxYAWhfUx_9lil_hopps10simulation6runner5tests15test_sim_runner0B9_
FNDA:1,_RNCNvNtNtNtCs1jsxYAWhfUx_9lil_hopps10simulation6runner5tests24test_sim_runner_unjoined0B9_
FNDA:1,_RNCNvNtNtNtCs1jsxYAWhfUx_9lil_hopps10simulation6runner5tests26test_sim_runner_unthreaded0B9_
FNDA:2,_RNCNvMNtNtCs1jsxYAWhfUx_9lil_hopps10simulation6runnerNtB4_9SimRunner5start0B8_
FNDA:1,_RNvNtNtNtCs1jsxYAWhfUx_9lil_hopps10simulation6runner5testss_24test_sim_runner_unjoined
FNDA:1,_RNvNtNtNtCs1jsxYAWhfUx_9lil_hopps10simulation6runner5testss_26test_sim_runner_unthreaded
FNDA:1,_RNvNtNtNtCs1jsxYAWhfUx_9lil_hopps10simulation6runner5testss_15test_sim_runner
FNDA:3,_RNvMNtNtCs1jsxYAWhfUx_9lil_hopps10simulation6runnerNtB2_9SimRunner5start
FNDA:3,_RNvMNtNtCs1jsxYAWhfUx_9lil_hopps10simulation6runnerNtB2_9SimRunner3new
FNF:9
FNH:9
DA:26,3
DA:27,3
DA:28,3
DA:29,3
DA:30,3
DA:31,3
DA:32,3
DA:33,3
DA:34,3
DA:36,3
DA:37,3
DA:38,3
DA:39,3
DA:40,3
DA:41,3
DA:42,3
DA:43,3
DA:44,2
DA:45,1003
DA:46,1003
DA:47,1003
DA:48,1003
DA:49,1003
DA:50,2
DA:51,2
DA:52,2
DA:53,1001
DA:55,2
DA:56,2
DA:57,2
DA:58,2
DA:59,1
DA:60,1
DA:61,1
DA:62,1
DA:63,0
DA:64,0
DA:65,0
DA:67,1
DA:69,1001
DA:70,1001
DA:71,1001
DA:72,1001
DA:73,1001
DA:74,1001
DA:75,1
DA:76,1
DA:77,1
DA:78,1000
DA:81,3
DA:89,1
DA:90,1
DA:91,1
DA:92,1
DA:93,1
DA:94,1
DA:95,1
DA:96,1003
DA:97,1002
DA:98,1002
DA:99,1001
DA:100,1001
DA:102,1
DA:103,1
DA:104,1
DA:106,1
DA:107,1
DA:108,1
DA:109,1
DA:110,1
DA:111,1
DA:112,1
DA:113,1
DA:115,1
DA:116,0
DA:117,0
DA:119,1
DA:121,1
DA:122,1
DA:123,1
DA:124,1
DA:125,1
DA:126,1
DA:127,1
DA:128,1
DA:130,1002
DA:131,1001
DA:132,1001
DA:134,1
BRF:0
BRH:0
LF:91
LH:86
end_of_record
SF:/Users/alex/repos/victoryforphil/lil-hopps/src/simulation/runner_options.rs
FN:34,_RNvMNtNtCs1jsxYAWhfUx_9lil_hopps10simulation14runner_optionsNtB2_16SimRunnerOptions12new_unjoined
FN:18,_RNvMNtNtCs1jsxYAWhfUx_9lil_hopps10simulation14runner_optionsNtB2_16SimRunnerOptions12new_threaded
FN:50,_RNvMNtNtCs1jsxYAWhfUx_9lil_hopps10simulation14runner_optionsNtB2_16SimRunnerOptions3new
FN:67,_RNvNtNtNtCs1jsxYAWhfUx_9lil_hopps10simulation14runner_options5testss_17test_new_threaded
FN:76,_RNvNtNtNtCs1jsxYAWhfUx_9lil_hopps10simulation14runner_options5testss_17test_new_unjoined
FN:85,_RNvNtNtNtCs1jsxYAWhfUx_9lil_hopps10simulation14runner_options5testss_8test_new
FN:75,_RNCNvNtNtNtCs1jsxYAWhfUx_9lil_hopps10simulation14runner_options5tests17test_new_unjoined0B9_
FN:84,_RNCNvNtNtNtCs1jsxYAWhfUx_9lil_hopps10simulation14runner_options5tests8test_new0B9_
FN:66,_RNCNvNtNtNtCs1jsxYAWhfUx_9lil_hopps10simulation14runner_options5tests17test_new_threaded0B9_
FNDA:2,_RNvMNtNtCs1jsxYAWhfUx_9lil_hopps10simulation14runner_optionsNtB2_16SimRunnerOptions12new_unjoined
FNDA:2,_RNvMNtNtCs1jsxYAWhfUx_9lil_hopps10simulation14runner_optionsNtB2_16SimRunnerOptions12new_threaded
FNDA:2,_RNvMNtNtCs1jsxYAWhfUx_9lil_hopps10simulation14runner_optionsNtB2_16SimRunnerOptions3new
FNDA:1,_RNvNtNtNtCs1jsxYAWhfUx_9lil_hopps10simulation14runner_options5testss_17test_new_threaded
FNDA:1,_RNvNtNtNtCs1jsxYAWhfUx_9lil_hopps10simulation14runner_options5testss_17test_new_unjoined
FNDA:1,_RNvNtNtNtCs1jsxYAWhfUx_9lil_hopps10simulation14runner_options5testss_8test_new
FNDA:1,_RNCNvNtNtNtCs1jsxYAWhfUx_9lil_hopps10simulation14runner_options5tests17test_new_unjoined0B9_
FNDA:1,_RNCNvNtNtNtCs1jsxYAWhfUx_9lil_hopps10simulation14runner_options5tests8test_new0B9_
FNDA:1,_RNCNvNtNtNtCs1jsxYAWhfUx_9lil_hopps10simulation14runner_options5tests17test_new_threaded0B9_
FNF:9
FNH:9
DA:18,2
DA:19,2
DA:20,2
DA:21,2
DA:22,2
DA:23,2
DA:24,2
DA:25,2
DA:34,2
DA:35,2
DA:36,2
DA:37,2
DA:38,2
DA:39,2
DA:40,2
DA:41,2
DA:50,2
DA:51,2
DA:52,2
DA:53,2
DA:54,2
DA:55,2
DA:56,2
DA:57,2
DA:66,1
DA:67,1
DA:68,1
DA:69,1
DA:70,1
DA:71,1
DA:72,1
DA:73,1
DA:75,1
DA:76,1
DA:77,1
DA:78,1
DA:79,1
DA:80,1
DA:81,1
DA:82,1
DA:84,1
DA:85,1
DA:86,1
DA:87,1
DA:88,1
DA:89,1
DA:90,1
DA:91,1
BRF:0
BRH:0
LF:48
LH:48
end_of_record
SF:/Users/alex/repos/victoryforphil/lil-hopps/src/simulation/state.rs
FN:25,_RNCNvNtNtNtCs1jsxYAWhfUx_9lil_hopps10simulation5state5tests8test_new0B9_
FN:4,_RNvXs_NtNtCs1jsxYAWhfUx_9lil_hopps10simulation5stateNtB4_15SimulationStateNtNtCs8wOFr1cHCbA_4core3fmt5Debug3fmt
FN:12,_RNvMNtNtCs1jsxYAWhfUx_9lil_hopps10simulation5stateNtB2_15SimulationState3new
FN:4,_RNvXs0_NtNtCs1jsxYAWhfUx_9lil_hopps10simulation5stateNtB5_15SimulationStateNtNtCs8wOFr1cHCbA_4core5clone5Clone5cloneB9_
FN:26,_RNvNtNtNtCs1jsxYAWhfUx_9lil_hopps10simulation5state5testss_8test_new
FNDA:1,_RNCNvNtNtNtCs1jsxYAWhfUx_9lil_hopps10simulation5state5tests8test_new0B9_
FNDA:0,_RNvXs_NtNtCs1jsxYAWhfUx_9lil_hopps10simulation5stateNtB4_15SimulationStateNtNtCs8wOFr1cHCbA_4core3fmt5Debug3fmt
FNDA:6,_RNvMNtNtCs1jsxYAWhfUx_9lil_hopps10simulation5stateNtB2_15SimulationState3new
FNDA:3008,_RNvXs0_NtNtCs1jsxYAWhfUx_9lil_hopps10simulation5stateNtB5_15SimulationStateNtNtCs8wOFr1cHCbA_4core5clone5Clone5cloneB9_
FNDA:1,_RNvNtNtNtCs1jsxYAWhfUx_9lil_hopps10simulation5state5testss_8test_new
FNF:5
FNH:4
DA:4,3008
DA:12,6
DA:13,6
DA:14,6
DA:15,6
DA:16,6
DA:17,6
DA:18,6
DA:25,1
DA:26,1
DA:27,1
DA:28,1
DA:29,1
BRF:0
BRH:0
LF:14
LH:13
end_of_record
SF:/Users/alex/repos/victoryforphil/lil-hopps/src/types/motors.rs
FN:13,_RNvXs3_NtNtCs1jsxYAWhfUx_9lil_hopps5types6motorsNtB5_12MotorPhysicsNtNtCs8wOFr1cHCbA_4core5clone5Clone5cloneB9_
FN:13,_RNvXs0_NtNtCs1jsxYAWhfUx_9lil_hopps5types6motorsNtB5_12MotorPhysicsNtNtCs8wOFr1cHCbA_4core3fmt5Debug3fmt
FN:21,_RNvXNtNtCs1jsxYAWhfUx_9lil_hopps5types6motorsNtB2_12MotorPhysicsNtNtCs8wOFr1cHCbA_4core3fmt7Display3fmt
FN:13,_RNvXs2_NtNtCs1jsxYAWhfUx_9lil_hopps5types6motorsNtB5_12MotorPhysicsNtNtCs8wOFr1cHCbA_4core3cmp9PartialEq2eqB9_
FN:129,_RNCNvNtNtNtCs1jsxYAWhfUx_9lil_hopps5types6motors5tests21test_get_force_vector0B9_
FN:97,_RNCNvNtNtNtCs1jsxYAWhfUx_9lil_hopps5types6motors5tests8test_new0B9_
FN:121,_RNCNvNtNtNtCs1jsxYAWhfUx_9lil_hopps5types6motors5tests21test_set_input_scalar0B9_
FN:106,_RNCNvNtNtNtCs1jsxYAWhfUx_9lil_hopps5types6motors5tests21test_calculate_offset0B9_
FN:43,_RNvMs_NtNtCs1jsxYAWhfUx_9lil_hopps5types6motorsNtB4_5Motor16set_input_scalar
FN:53,_RNvMs_NtNtCs1jsxYAWhfUx_9lil_hopps5types6motorsNtB4_5Motor11get_physics
FN:80,_RNvMs_NtNtCs1jsxYAWhfUx_9lil_hopps5types6motorsNtB4_5Motor16calculate_offset
FN:28,_RNvMs_NtNtCs1jsxYAWhfUx_9lil_hopps5types6motorsNtB4_5Motor3new
FN:107,_RNvNtNtNtCs1jsxYAWhfUx_9lil_hopps5types6motors5testss_21test_calculate_offset
FN:130,_RNvNtNtNtCs1jsxYAWhfUx_9lil_hopps5types6motors5testss_21test_get_force_vector
FN:98,_RNvNtNtNtCs1jsxYAWhfUx_9lil_hopps5types6motors5testss_8test_new
FN:122,_RNvNtNtNtCs1jsxYAWhfUx_9lil_hopps5types6motors5testss_21test_set_input_scalar
FN:106,_RNCNvNtNtNtCseu3RPUk6KTY_9lil_hopps5types6motors5tests21test_calculate_offset0B9_
FN:129,_RNCNvNtNtNtCseu3RPUk6KTY_9lil_hopps5types6motors5tests21test_get_force_vector0B9_
FN:97,_RNCNvNtNtNtCseu3RPUk6KTY_9lil_hopps5types6motors5tests8test_new0B9_
FN:121,_RNCNvNtNtNtCseu3RPUk6KTY_9lil_hopps5types6motors5tests21test_set_input_scalar0B9_
FN:13,_RNvXs0_NtNtCseu3RPUk6KTY_9lil_hopps5types6motorsNtB5_12MotorPhysicsNtNtCs8wOFr1cHCbA_4core3fmt5Debug3fmt
FN:21,_RNvXNtNtCseu3RPUk6KTY_9lil_hopps5types6motorsNtB2_12MotorPhysicsNtNtCs8wOFr1cHCbA_4core3fmt7Display3fmt
FN:13,_RNvXs2_NtNtCseu3RPUk6KTY_9lil_hopps5types6motorsNtB5_12MotorPhysicsNtNtCs8wOFr1cHCbA_4core3cmp9PartialEq2eqB9_
FN:13,_RNvXs3_NtNtCseu3RPUk6KTY_9lil_hopps5types6motorsNtB5_12MotorPhysicsNtNtCs8wOFr1cHCbA_4core5clone5Clone5cloneB9_
FN:80,_RNvMs_NtNtCseu3RPUk6KTY_9lil_hopps5types6motorsNtB4_5Motor16calculate_offset
FN:28,_RNvMs_NtNtCseu3RPUk6KTY_9lil_hopps5types6motorsNtB4_5Motor3new
FN:43,_RNvMs_NtNtCseu3RPUk6KTY_9lil_hopps5types6motorsNtB4_5Motor16set_input_scalar
FN:53,_RNvMs_NtNtCseu3RPUk6KTY_9lil_hopps5types6motorsNtB4_5Motor11get_physics
FN:122,_RNvNtNtNtCseu3RPUk6KTY_9lil_hopps5types6motors5testss_21test_set_input_scalar
FN:98,_RNvNtNtNtCseu3RPUk6KTY_9lil_hopps5types6motors5testss_8test_new
FN:107,_RNvNtNtNtCseu3RPUk6KTY_9lil_hopps5types6motors5testss_21test_calculate_offset
FN:130,_RNvNtNtNtCseu3RPUk6KTY_9lil_hopps5types6motors5testss_21test_get_force_vector
FNDA:0,_RNvXs3_NtNtCs1jsxYAWhfUx_9lil_hopps5types6motorsNtB5_12MotorPhysicsNtNtCs8wOFr1cHCbA_4core5clone5Clone5cloneB9_
FNDA:0,_RNvXs0_NtNtCs1jsxYAWhfUx_9lil_hopps5types6motorsNtB5_12MotorPhysicsNtNtCs8wOFr1cHCbA_4core3fmt5Debug3fmt
FNDA:0,_RNvXNtNtCs1jsxYAWhfUx_9lil_hopps5types6motorsNtB2_12MotorPhysicsNtNtCs8wOFr1cHCbA_4core3fmt7Display3fmt
FNDA:0,_RNvXs2_NtNtCs1jsxYAWhfUx_9lil_hopps5types6motorsNtB5_12MotorPhysicsNtNtCs8wOFr1cHCbA_4core3cmp9PartialEq2eqB9_
FNDA:1,_RNCNvNtNtNtCs1jsxYAWhfUx_9lil_hopps5types6motors5tests21test_get_force_vector0B9_
FNDA:1,_RNCNvNtNtNtCs1jsxYAWhfUx_9lil_hopps5types6motors5tests8test_new0B9_
FNDA:1,_RNCNvNtNtNtCs1jsxYAWhfUx_9lil_hopps5types6motors5tests21test_set_input_scalar0B9_
FNDA:1,_RNCNvNtNtNtCs1jsxYAWhfUx_9lil_hopps5types6motors5tests21test_calculate_offset0B9_
FNDA:6,_RNvMs_NtNtCs1jsxYAWhfUx_9lil_hopps5types6motorsNtB4_5Motor16set_input_scalar
FNDA:8025,_RNvMs_NtNtCs1jsxYAWhfUx_9lil_hopps5types6motorsNtB4_5Motor11get_physics
FNDA:35,_RNvMs_NtNtCs1jsxYAWhfUx_9lil_hopps5types6motorsNtB4_5Motor16calculate_offset
FNDA:31,_RNvMs_NtNtCs1jsxYAWhfUx_9lil_hopps5types6motorsNtB4_5Motor3new
FNDA:1,_RNvNtNtNtCs1jsxYAWhfUx_9lil_hopps5types6motors5testss_21test_calculate_offset
FNDA:1,_RNvNtNtNtCs1jsxYAWhfUx_9lil_hopps5types6motors5testss_21test_get_force_vector
FNDA:1,_RNvNtNtNtCs1jsxYAWhfUx_9lil_hopps5types6motors5testss_8test_new
FNDA:1,_RNvNtNtNtCs1jsxYAWhfUx_9lil_hopps5types6motors5testss_21test_set_input_scalar
FNDA:1,_RNCNvNtNtNtCseu3RPUk6KTY_9lil_hopps5types6motors5tests21test_calculate_offset0B9_
FNDA:1,_RNCNvNtNtNtCseu3RPUk6KTY_9lil_hopps5types6motors5tests21test_get_force_vector0B9_
FNDA:1,_RNCNvNtNtNtCseu3RPUk6KTY_9lil_hopps5types6motors5tests8test_new0B9_
FNDA:1,_RNCNvNtNtNtCseu3RPUk6KTY_9lil_hopps5types6motors5tests21test_set_input_scalar0B9_
FNDA:0,_RNvXs0_NtNtCseu3RPUk6KTY_9lil_hopps5types6motorsNtB5_12MotorPhysicsNtNtCs8wOFr1cHCbA_4core3fmt5Debug3fmt
FNDA:0,_RNvXNtNtCseu3RPUk6KTY_9lil_hopps5types6motorsNtB2_12MotorPhysicsNtNtCs8wOFr1cHCbA_4core3fmt7Display3fmt
FNDA:0,_RNvXs2_NtNtCseu3RPUk6KTY_9lil_hopps5types6motorsNtB5_12MotorPhysicsNtNtCs8wOFr1cHCbA_4core3cmp9PartialEq2eqB9_
FNDA:0,_RNvXs3_NtNtCseu3RPUk6KTY_9lil_hopps5types6motorsNtB5_12MotorPhysicsNtNtCs8wOFr1cHCbA_4core5clone5Clone5cloneB9_
FNDA:15,_RNvMs_NtNtCseu3RPUk6KTY_9lil_hopps5types6motorsNtB4_5Motor16calculate_offset
FNDA:11,_RNvMs_NtNtCseu3RPUk6KTY_9lil_hopps5types6motorsNtB4_5Motor3new
FNDA:6,_RNvMs_NtNtCseu3RPUk6KTY_9lil_hopps5types6motorsNtB4_5Motor16set_input_scalar
FNDA:1,_RNvMs_NtNtCseu3RPUk6KTY_9lil_hopps5types6motorsNtB4_5Motor11get_physics
FNDA:1,_RNvNtNtNtCseu3RPUk6KTY_9lil_hopps5types6motors5testss_21test_set_input_scalar
FNDA:1,_RNvNtNtNtCseu3RPUk6KTY_9lil_hopps5types6motors5testss_8test_new
FNDA:1,_RNvNtNtNtCseu3RPUk6KTY_9lil_hopps5types6motors5testss_21test_calculate_offset
FNDA:1,_RNvNtNtNtCseu3RPUk6KTY_9lil_hopps5types6motors5testss_21test_get_force_vector
FNF:16
FNH:12
DA:13,0
DA:21,0
DA:22,0
DA:23,0
DA:28,42
DA:29,42
DA:30,42
DA:31,42
DA:32,42
DA:33,42
DA:34,42
DA:35,42
DA:43,12
DA:44,12
DA:45,12
DA:53,8026
DA:54,8026
DA:55,8026
DA:56,8026
DA:57,8026
DA:58,8026
DA:59,8026
DA:60,8026
DA:61,8026
DA:62,8026
DA:63,8026
DA:64,8026
DA:80,50
DA:81,50
DA:82,17
DA:83,11
DA:84,11
DA:85,2
DA:86,9
DA:88,50
DA:97,2
DA:98,2
DA:99,2
DA:100,2
DA:101,2
DA:102,2
DA:103,2
DA:104,2
DA:106,2
DA:107,2
DA:108,2
DA:109,2
DA:111,2
DA:112,2
DA:114,2
DA:115,2
DA:117,2
DA:118,2
DA:119,2
DA:121,2
DA:122,2
DA:123,2
DA:124,2
DA:125,2
DA:126,2
DA:127,2
DA:129,2
DA:130,2
DA:131,2
DA:132,2
DA:133,2
DA:134,2
DA:135,2
DA:137,2
DA:138,2
BRF:0
BRH:0
LF:72
LH:66
end_of_record
SF:/Users/alex/repos/victoryforphil/lil-hopps/src/types/movement.rs
FN:1,_RNvXs0_NtNtCs1jsxYAWhfUx_9lil_hopps5types8movementNtB5_8MovementNtNtCs8wOFr1cHCbA_4core3fmt5Debug3fmt
FN:1,_RNvXs4_NtNtCs1jsxYAWhfUx_9lil_hopps5types8movementNtB5_8MovementNtNtCs8wOFr1cHCbA_4core3cmp9PartialEq2eqB9_
FN:1,_RNvXs1_NtNtCs1jsxYAWhfUx_9lil_hopps5types8movementNtB5_8MovementNtNtCs8wOFr1cHCbA_4core5clone5Clone5cloneB9_
FN:10,_RNvMNtNtCs1jsxYAWhfUx_9lil_hopps5types8movementNtB2_8Movement3new
FN:19,_RNvMNtNtCs1jsxYAWhfUx_9lil_hopps5types8movementNtB2_8Movement4zero
FN:30,_RNvXs_NtNtCs1jsxYAWhfUx_9lil_hopps5types8movementNtB4_8MovementNtNtCs8wOFr1cHCbA_4core3fmt7Display3fmt
FN:61,_RNCNvNtNtNtCs1jsxYAWhfUx_9lil_hopps5types8movement5tests21test_movement_display0B9_
FN:39,_RNCNvNtNtNtCs1jsxYAWhfUx_9lil_hopps5types8movement5tests17test_movement_new0B9_
FN:52,_RNCNvNtNtNtCs1jsxYAWhfUx_9lil_hopps5types8movement5tests18test_movement_zero0B9_
FN:40,_RNvNtNtNtCs1jsxYAWhfUx_9lil_hopps5types8movement5testss_17test_movement_new
FN:53,_RNvNtNtNtCs1jsxYAWhfUx_9lil_hopps5types8movement5testss_18test_movement_zero
FN:62,_RNvNtNtNtCs1jsxYAWhfUx_9lil_hopps5types8movement5testss_21test_movement_display
FN:39,_RNCNvNtNtNtCseu3RPUk6KTY_9lil_hopps5types8movement5tests17test_movement_new0B9_
FN:52,_RNCNvNtNtNtCseu3RPUk6KTY_9lil_hopps5types8movement5tests18test_movement_zero0B9_
FN:61,_RNCNvNtNtNtCseu3RPUk6KTY_9lil_hopps5types8movement5tests21test_movement_display0B9_
FN:53,_RNvNtNtNtCseu3RPUk6KTY_9lil_hopps5types8movement5testss_18test_movement_zero
FN:62,_RNvNtNtNtCseu3RPUk6KTY_9lil_hopps5types8movement5testss_21test_movement_display
FN:40,_RNvNtNtNtCseu3RPUk6KTY_9lil_hopps5types8movement5testss_17test_movement_new
FN:19,_RNvMNtNtCseu3RPUk6KTY_9lil_hopps5types8movementNtB2_8Movement4zero
FN:30,_RNvXs_NtNtCseu3RPUk6KTY_9lil_hopps5types8movementNtB4_8MovementNtNtCs8wOFr1cHCbA_4core3fmt7Display3fmt
FN:1,_RNvXs0_NtNtCseu3RPUk6KTY_9lil_hopps5types8movementNtB5_8MovementNtNtCs8wOFr1cHCbA_4core3fmt5Debug3fmt
FN:1,_RNvXs1_NtNtCseu3RPUk6KTY_9lil_hopps5types8movementNtB5_8MovementNtNtCs8wOFr1cHCbA_4core5clone5Clone5cloneB9_
FN:1,_RNvXs4_NtNtCseu3RPUk6KTY_9lil_hopps5types8movementNtB5_8MovementNtNtCs8wOFr1cHCbA_4core3cmp9PartialEq2eqB9_
FN:10,_RNvMNtNtCseu3RPUk6KTY_9lil_hopps5types8movementNtB2_8Movement3new
FNDA:0,_RNvXs0_NtNtCs1jsxYAWhfUx_9lil_hopps5types8movementNtB5_8MovementNtNtCs8wOFr1cHCbA_4core3fmt5Debug3fmt
FNDA:4,_RNvXs4_NtNtCs1jsxYAWhfUx_9lil_hopps5types8movementNtB5_8MovementNtNtCs8wOFr1cHCbA_4core3cmp9PartialEq2eqB9_
FNDA:5021,_RNvXs1_NtNtCs1jsxYAWhfUx_9lil_hopps5types8movementNtB5_8MovementNtNtCs8wOFr1cHCbA_4core5clone5Clone5cloneB9_
FNDA:2,_RNvMNtNtCs1jsxYAWhfUx_9lil_hopps5types8movementNtB2_8Movement3new
FNDA:23,_RNvMNtNtCs1jsxYAWhfUx_9lil_hopps5types8movementNtB2_8Movement4zero
FNDA:1,_RNvXs_NtNtCs1jsxYAWhfUx_9lil_hopps5types8movementNtB4_8MovementNtNtCs8wOFr1cHCbA_4core3fmt7Display3fmt
FNDA:1,_RNCNvNtNtNtCs1jsxYAWhfUx_9lil_hopps5types8movement5tests21test_movement_display0B9_
FNDA:1,_RNCNvNtNtNtCs1jsxYAWhfUx_9lil_hopps5types8movement5tests17test_movement_new0B9_
FNDA:1,_RNCNvNtNtNtCs1jsxYAWhfUx_9lil_hopps5types8movement5tests18test_movement_zero0B9_
FNDA:1,_RNvNtNtNtCs1jsxYAWhfUx_9lil_hopps5types8movement5testss_17test_movement_new
FNDA:1,_RNvNtNtNtCs1jsxYAWhfUx_9lil_hopps5types8movement5testss_18test_movement_zero
FNDA:1,_RNvNtNtNtCs1jsxYAWhfUx_9lil_hopps5types8movement5testss_21test_movement_display
FNDA:1,_RNCNvNtNtNtCseu3RPUk6KTY_9lil_hopps5types8movement5tests17test_movement_new0B9_
FNDA:1,_RNCNvNtNtNtCseu3RPUk6KTY_9lil_hopps5types8movement5tests18test_movement_zero0B9_
FNDA:1,_RNCNvNtNtNtCseu3RPUk6KTY_9lil_hopps5types8movement5tests21test_movement_display0B9_
FNDA:1,_RNvNtNtNtCseu3RPUk6KTY_9lil_hopps5types8movement5testss_18test_movement_zero
FNDA:1,_RNvNtNtNtCseu3RPUk6KTY_9lil_hopps5types8movement5testss_21test_movement_display
FNDA:1,_RNvNtNtNtCseu3RPUk6KTY_9lil_hopps5types8movement5testss_17test_movement_new
FNDA:8,_RNvMNtNtCseu3RPUk6KTY_9lil_hopps5types8movementNtB2_8Movement4zero
FNDA:1,_RNvXs_NtNtCseu3RPUk6KTY_9lil_hopps5types8movementNtB4_8MovementNtNtCs8wOFr1cHCbA_4core3fmt7Display3fmt
FNDA:0,_RNvXs0_NtNtCseu3RPUk6KTY_9lil_hopps5types8movementNtB5_8MovementNtNtCs8wOFr1cHCbA_4core3fmt5Debug3fmt
FNDA:2,_RNvXs1_NtNtCseu3RPUk6KTY_9lil_hopps5types8movementNtB5_8MovementNtNtCs8wOFr1cHCbA_4core5clone5Clone5cloneB9_
FNDA:2,_RNvXs4_NtNtCseu3RPUk6KTY_9lil_hopps5types8movementNtB5_8MovementNtNtCs8wOFr1cHCbA_4core3cmp9PartialEq2eqB9_
FNDA:2,_RNvMNtNtCseu3RPUk6KTY_9lil_hopps5types8movementNtB2_8Movement3new
FNF:12
FNH:11
DA:1,5023
DA:10,4
DA:11,4
DA:12,4
DA:13,4
DA:14,4
DA:15,4
DA:16,4
DA:17,4
DA:19,31
DA:20,31
DA:21,31
DA:22,31
DA:23,31
DA:24,31
DA:25,31
DA:26,31
DA:30,2
DA:31,2
DA:32,2
DA:39,2
DA:40,2
DA:41,2
DA:42,2
DA:43,2
DA:44,2
DA:45,2
DA:46,2
DA:47,2
DA:48,2
DA:49,2
DA:50,2
DA:52,2
DA:53,2
DA:54,2
DA:55,2
DA:56,2
DA:57,2
DA:58,2
DA:59,2
DA:61,2
DA:62,2
DA:63,2
DA:64,2
DA:65,2
DA:66,2
DA:67,2
DA:68,2
DA:69,2
DA:70,2
BRF:0
BRH:0
LF:52
LH:51
end_of_record
SF:/Users/alex/repos/victoryforphil/lil-hopps/src/types/pose.rs
FN:37,_RNCNvNtNtNtCs1jsxYAWhfUx_9lil_hopps5types4pose5tests13test_pose_new0B9_
FN:46,_RNCNvNtNtNtCs1jsxYAWhfUx_9lil_hopps5types4pose5tests14test_pose_zero0B9_
FN:53,_RNCNvNtNtNtCs1jsxYAWhfUx_9lil_hopps5types4pose5tests17test_pose_display0B9_
FN:54,_RNvNtNtNtCs1jsxYAWhfUx_9lil_hopps5types4pose5testss_17test_pose_display
FN:38,_RNvNtNtNtCs1jsxYAWhfUx_9lil_hopps5types4pose5testss_13test_pose_new
FN:47,_RNvNtNtNtCs1jsxYAWhfUx_9lil_hopps5types4pose5testss_14test_pose_zero
FN:9,_RNvXNtNtCs1jsxYAWhfUx_9lil_hopps5types4poseNtB2_4PoseNtNtCs8wOFr1cHCbA_4core3fmt7Display3fmt
FN:16,_RNvMs_NtNtCs1jsxYAWhfUx_9lil_hopps5types4poseNtB4_4Pose3new
FN:25,_RNvMs_NtNtCs1jsxYAWhfUx_9lil_hopps5types4poseNtB4_4Pose4zero
FN:1,_RNvXs0_NtNtCs1jsxYAWhfUx_9lil_hopps5types4poseNtB5_4PoseNtNtCs8wOFr1cHCbA_4core3fmt5Debug3fmt
FN:1,_RNvXs1_NtNtCs1jsxYAWhfUx_9lil_hopps5types4poseNtB5_4PoseNtNtCs8wOFr1cHCbA_4core5clone5Clone5cloneB9_
FN:1,_RNvXs4_NtNtCs1jsxYAWhfUx_9lil_hopps5types4poseNtB5_4PoseNtNtCs8wOFr1cHCbA_4core3cmp9PartialEq2eqB9_
FN:46,_RNCNvNtNtNtCseu3RPUk6KTY_9lil_hopps5types4pose5tests14test_pose_zero0B9_
FN:53,_RNCNvNtNtNtCseu3RPUk6KTY_9lil_hopps5types4pose5tests17test_pose_display0B9_
FN:37,_RNCNvNtNtNtCseu3RPUk6KTY_9lil_hopps5types4pose5tests13test_pose_new0B9_
FN:38,_RNvNtNtNtCseu3RPUk6KTY_9lil_hopps5types4pose5testss_13test_pose_new
FN:47,_RNvNtNtNtCseu3RPUk6KTY_9lil_hopps5types4pose5testss_14test_pose_zero
FN:54,_RNvNtNtNtCseu3RPUk6KTY_9lil_hopps5types4pose5testss_17test_pose_display
FN:1,_RNvXs1_NtNtCseu3RPUk6KTY_9lil_hopps5types4poseNtB5_4PoseNtNtCs8wOFr1cHCbA_4core5clone5Clone5cloneB9_
FN:9,_RNvXNtNtCseu3RPUk6KTY_9lil_hopps5types4poseNtB2_4PoseNtNtCs8wOFr1cHCbA_4core3fmt7Display3fmt
FN:1,_RNvXs0_NtNtCseu3RPUk6KTY_9lil_hopps5types4poseNtB5_4PoseNtNtCs8wOFr1cHCbA_4core3fmt5Debug3fmt
FN:16,_RNvMs_NtNtCseu3RPUk6KTY_9lil_hopps5types4poseNtB4_4Pose3new
FN:1,_RNvXs4_NtNtCseu3RPUk6KTY_9lil_hopps5types4poseNtB5_4PoseNtNtCs8wOFr1cHCbA_4core3cmp9PartialEq2eqB9_
FN:25,_RNvMs_NtNtCseu3RPUk6KTY_9lil_hopps5types4poseNtB4_4Pose4zero
FNDA:1,_RNCNvNtNtNtCs1jsxYAWhfUx_9lil_hopps5types4pose5tests13test_pose_new0B9_
FNDA:1,_RNCNvNtNtNtCs1jsxYAWhfUx_9lil_hopps5types4pose5tests14test_pose_zero0B9_
FNDA:1,_RNCNvNtNtNtCs1jsxYAWhfUx_9lil_hopps5types4pose5tests17test_pose_display0B9_
FNDA:1,_RNvNtNtNtCs1jsxYAWhfUx_9lil_hopps5types4pose5testss_17test_pose_display
FNDA:1,_RNvNtNtNtCs1jsxYAWhfUx_9lil_hopps5types4pose5testss_13test_pose_new
FNDA:1,_RNvNtNtNtCs1jsxYAWhfUx_9lil_hopps5types4pose5testss_14test_pose_zero
FNDA:1,_RNvXNtNtCs1jsxYAWhfUx_9lil_hopps5types4poseNtB2_4PoseNtNtCs8wOFr1cHCbA_4core3fmt7Display3fmt
FNDA:2,_RNvMs_NtNtCs1jsxYAWhfUx_9lil_hopps5types4poseNtB4_4Pose3new
FNDA:23,_RNvMs_NtNtCs1jsxYAWhfUx_9lil_hopps5types4poseNtB4_4Pose4zero
FNDA:0,_RNvXs0_NtNtCs1jsxYAWhfUx_9lil_hopps5types4poseNtB5_4PoseNtNtCs8wOFr1cHCbA_4core3fmt5Debug3fmt
FNDA:5021,_RNvXs1_NtNtCs1jsxYAWhfUx_9lil_hopps5types4poseNtB5_4PoseNtNtCs8wOFr1cHCbA_4core5clone5Clone5cloneB9_
FNDA:4,_RNvXs4_NtNtCs1jsxYAWhfUx_9lil_hopps5types4poseNtB5_4PoseNtNtCs8wOFr1cHCbA_4core3cmp9PartialEq2eqB9_
FNDA:1,_RNCNvNtNtNtCseu3RPUk6KTY_9lil_hopps5types4pose5tests14test_pose_zero0B9_
FNDA:1,_RNCNvNtNtNtCseu3RPUk6KTY_9lil_hopps5types4pose5tests17test_pose_display0B9_
FNDA:1,_RNCNvNtNtNtCseu3RPUk6KTY_9lil_hopps5types4pose5tests13test_pose_new0B9_
FNDA:1,_RNvNtNtNtCseu3RPUk6KTY_9lil_hopps5types4pose5testss_13test_pose_new
FNDA:1,_RNvNtNtNtCseu3RPUk6KTY_9lil_hopps5types4pose5testss_14test_pose_zero
FNDA:1,_RNvNtNtNtCseu3RPUk6KTY_9lil_hopps5types4pose5testss_17test_pose_display
FNDA:2,_RNvXs1_NtNtCseu3RPUk6KTY_9lil_hopps5types4poseNtB5_4PoseNtNtCs8wOFr1cHCbA_4core5clone5Clone5cloneB9_
FNDA:1,_RNvXNtNtCseu3RPUk6KTY_9lil_hopps5types4poseNtB2_4PoseNtNtCs8wOFr1cHCbA_4core3fmt7Display3fmt
FNDA:0,_RNvXs0_NtNtCseu3RPUk6KTY_9lil_hopps5types4poseNtB5_4PoseNtNtCs8wOFr1cHCbA_4core3fmt5Debug3fmt
FNDA:2,_RNvMs_NtNtCseu3RPUk6KTY_9lil_hopps5types4poseNtB4_4Pose3new
FNDA:2,_RNvXs4_NtNtCseu3RPUk6KTY_9lil_hopps5types4poseNtB5_4PoseNtNtCs8wOFr1cHCbA_4core3cmp9PartialEq2eqB9_
FNDA:8,_RNvMs_NtNtCseu3RPUk6KTY_9lil_hopps5types4poseNtB4_4Pose4zero
FNF:12
FNH:11
DA:1,5023
DA:9,2
DA:10,2
DA:11,2
DA:12,2
DA:16,4
DA:17,4
DA:18,4
DA:19,4
DA:20,4
DA:21,4
DA:25,31
DA:26,31
DA:27,31
DA:28,31
DA:29,31
DA:30,31
DA:37,2
DA:38,2
DA:39,2
DA:40,2
DA:41,2
DA:42,2
DA:43,2
DA:44,2
DA:46,2
DA:47,2
DA:48,2
DA:49,2
DA:50,2
DA:51,2
DA:53,2
DA:54,2
DA:55,2
DA:56,2
DA:57,2
DA:58,2
DA:59,2
DA:60,2
BRF:0
BRH:0
LF:41
LH:40
end_of_record
SF:/Users/alex/repos/victoryforphil/lil-hopps/src/uav/config.rs
FN:1,_RNvXs_NtNtCs1jsxYAWhfUx_9lil_hopps3uav6configNtB4_9UAVConfigNtNtCs8wOFr1cHCbA_4core3fmt5Debug3fmt
FN:10,_RNvMNtNtCs1jsxYAWhfUx_9lil_hopps3uav6configNtB2_9UAVConfig9new_250mm
FN:19,_RNvMNtNtCs1jsxYAWhfUx_9lil_hopps3uav6configNtB2_9UAVConfig10lock_pitch
FN:27,_RNvMNtNtCs1jsxYAWhfUx_9lil_hopps3uav6configNtB2_9UAVConfig8lock_yaw
FN:23,_RNvMNtNtCs1jsxYAWhfUx_9lil_hopps3uav6configNtB2_9UAVConfig9lock_roll
FN:1,_RNvXs0_NtNtCs1jsxYAWhfUx_9lil_hopps3uav6configNtB5_9UAVConfigNtNtCs8wOFr1cHCbA_4core5clone5Clone5cloneB9_
FN:47,_RNvNtNtNtCs1jsxYAWhfUx_9lil_hopps3uav6config5testss_18test_rotation_lock
FN:37,_RNvNtNtNtCs1jsxYAWhfUx_9lil_hopps3uav6config5testss_14test_new_250mm
FN:36,_RNCNvNtNtNtCs1jsxYAWhfUx_9lil_hopps3uav6config5tests14test_new_250mm0B9_
FN:46,_RNCNvNtNtNtCs1jsxYAWhfUx_9lil_hopps3uav6config5tests18test_rotation_lock0B9_
FN:1,_RNvXs0_NtNtCseu3RPUk6KTY_9lil_hopps3uav6configNtB5_9UAVConfigNtNtCs8wOFr1cHCbA_4core5clone5Clone5cloneB9_
FN:36,_RNCNvNtNtNtCseu3RPUk6KTY_9lil_hopps3uav6config5tests14test_new_250mm0B9_
FN:46,_RNCNvNtNtNtCseu3RPUk6KTY_9lil_hopps3uav6config5tests18test_rotation_lock0B9_
FN:37,_RNvNtNtNtCseu3RPUk6KTY_9lil_hopps3uav6config5testss_14test_new_250mm
FN:47,_RNvNtNtNtCseu3RPUk6KTY_9lil_hopps3uav6config5testss_18test_rotation_lock
FN:27,_RNvMNtNtCseu3RPUk6KTY_9lil_hopps3uav6configNtB2_9UAVConfig8lock_yaw
FN:1,_RNvXs_NtNtCseu3RPUk6KTY_9lil_hopps3uav6configNtB4_9UAVConfigNtNtCs8wOFr1cHCbA_4core3fmt5Debug3fmt
FN:19,_RNvMNtNtCseu3RPUk6KTY_9lil_hopps3uav6configNtB2_9UAVConfig10lock_pitch
FN:10,_RNvMNtNtCseu3RPUk6KTY_9lil_hopps3uav6configNtB2_9UAVConfig9new_250mm
FN:23,_RNvMNtNtCseu3RPUk6KTY_9lil_hopps3uav6configNtB2_9UAVConfig9lock_roll
FNDA:1,_RNvXs_NtNtCs1jsxYAWhfUx_9lil_hopps3uav6configNtB4_9UAVConfigNtNtCs8wOFr1cHCbA_4core3fmt5Debug3fmt
FNDA:9,_RNvMNtNtCs1jsxYAWhfUx_9lil_hopps3uav6configNtB2_9UAVConfig9new_250mm
FNDA:1,_RNvMNtNtCs1jsxYAWhfUx_9lil_hopps3uav6configNtB2_9UAVConfig10lock_pitch
FNDA:1,_RNvMNtNtCs1jsxYAWhfUx_9lil_hopps3uav6configNtB2_9UAVConfig8lock_yaw
FNDA:1,_RNvMNtNtCs1jsxYAWhfUx_9lil_hopps3uav6configNtB2_9UAVConfig9lock_roll
FNDA:0,_RNvXs0_NtNtCs1jsxYAWhfUx_9lil_hopps3uav6configNtB5_9UAVConfigNtNtCs8wOFr1cHCbA_4core5clone5Clone5cloneB9_
FNDA:1,_RNvNtNtNtCs1jsxYAWhfUx_9lil_hopps3uav6config5testss_18test_rotation_lock
FNDA:1,_RNvNtNtNtCs1jsxYAWhfUx_9lil_hopps3uav6config5testss_14test_new_250mm
FNDA:1,_RNCNvNtNtNtCs1jsxYAWhfUx_9lil_hopps3uav6config5tests14test_new_250mm0B9_
FNDA:1,_RNCNvNtNtNtCs1jsxYAWhfUx_9lil_hopps3uav6config5tests18test_rotation_lock0B9_
FNDA:0,_RNvXs0_NtNtCseu3RPUk6KTY_9lil_hopps3uav6configNtB5_9UAVConfigNtNtCs8wOFr1cHCbA_4core5clone5Clone5cloneB9_
FNDA:1,_RNCNvNtNtNtCseu3RPUk6KTY_9lil_hopps3uav6config5tests14test_new_250mm0B9_
FNDA:1,_RNCNvNtNtNtCseu3RPUk6KTY_9lil_hopps3uav6config5tests18test_rotation_lock0B9_
FNDA:1,_RNvNtNtNtCseu3RPUk6KTY_9lil_hopps3uav6config5testss_14test_new_250mm
FNDA:1,_RNvNtNtNtCseu3RPUk6KTY_9lil_hopps3uav6config5testss_18test_rotation_lock
FNDA:1,_RNvMNtNtCseu3RPUk6KTY_9lil_hopps3uav6configNtB2_9UAVConfig8lock_yaw
FNDA:1,_RNvXs_NtNtCseu3RPUk6KTY_9lil_hopps3uav6configNtB4_9UAVConfigNtNtCs8wOFr1cHCbA_4core3fmt5Debug3fmt
FNDA:1,_RNvMNtNtCseu3RPUk6KTY_9lil_hopps3uav6configNtB2_9UAVConfig10lock_pitch
FNDA:4,_RNvMNtNtCseu3RPUk6KTY_9lil_hopps3uav6configNtB2_9UAVConfig9new_250mm
FNDA:1,_RNvMNtNtCseu3RPUk6KTY_9lil_hopps3uav6configNtB2_9UAVConfig9lock_roll
FNF:10
FNH:9
DA:1,2
DA:10,13
DA:11,13
DA:12,13
DA:13,13
DA:14,13
DA:15,13
DA:16,13
DA:17,13
DA:19,2
DA:20,2
DA:21,2
DA:23,2
DA:24,2
DA:25,2
DA:27,2
DA:28,2
DA:29,2
DA:36,2
DA:37,2
DA:38,2
DA:39,2
DA:40,2
DA:41,2
DA:43,2
DA:44,2
DA:46,2
DA:47,2
DA:48,2
DA:49,2
DA:50,2
DA:51,2
DA:52,2
DA:53,2
DA:54,2
DA:55,2
DA:56,2
DA:57,2
DA:59,2
DA:60,2
DA:61,2
DA:62,2
DA:64,2
DA:65,2
DA:66,2
DA:67,2
DA:68,2
BRF:0
BRH:0
LF:48
LH:47
end_of_record
SF:/Users/alex/repos/victoryforphil/lil-hopps/src/uav/mod.rs
FN:49,_RNvNtNtCs1jsxYAWhfUx_9lil_hopps3uav5testss_8test_new
FN:56,_RNvNtNtCs1jsxYAWhfUx_9lil_hopps3uav5testss_12test_process
FN:34,_RNvMNtCs1jsxYAWhfUx_9lil_hopps3uavNtB2_3UAV7process
FN:18,_RNvMNtCs1jsxYAWhfUx_9lil_hopps3uavNtB2_3UAV3new
FN:48,_RNCNvNtNtCs1jsxYAWhfUx_9lil_hopps3uav5tests8test_new0B7_
FN:55,_RNCNvNtNtCs1jsxYAWhfUx_9lil_hopps3uav5tests12test_process0B7_
FN:18,_RNvMNtCseu3RPUk6KTY_9lil_hopps3uavNtB2_3UAV3new
FN:34,_RNvMNtCseu3RPUk6KTY_9lil_hopps3uavNtB2_3UAV7process
FN:56,_RNvNtNtCseu3RPUk6KTY_9lil_hopps3uav5testss_12test_process
FN:49,_RNvNtNtCseu3RPUk6KTY_9lil_hopps3uav5testss_8test_new
FN:48,_RNCNvNtNtCseu3RPUk6KTY_9lil_hopps3uav5tests8test_new0B7_
FN:55,_RNCNvNtNtCseu3RPUk6KTY_9lil_hopps3uav5tests12test_process0B7_
FNDA:1,_RNvNtNtCs1jsxYAWhfUx_9lil_hopps3uav5testss_8test_new
FNDA:1,_RNvNtNtCs1jsxYAWhfUx_9lil_hopps3uav5testss_12test_process
FNDA:1,_RNvMNtCs1jsxYAWhfUx_9lil_hopps3uavNtB2_3UAV7process
FNDA:7,_RNvMNtCs1jsxYAWhfUx_9lil_hopps3uavNtB2_3UAV3new
FNDA:1,_RNCNvNtNtCs1jsxYAWhfUx_9lil_hopps3uav5tests8test_new0B7_
FNDA:1,_RNCNvNtNtCs1jsxYAWhfUx_9lil_hopps3uav5tests12test_process0B7_
FNDA:2,_RNvMNtCseu3RPUk6KTY_9lil_hopps3uavNtB2_3UAV3new
FNDA:1,_RNvMNtCseu3RPUk6KTY_9lil_hopps3uavNtB2_3UAV7process
FNDA:1,_RNvNtNtCseu3RPUk6KTY_9lil_hopps3uav5testss_12test_process
FNDA:1,_RNvNtNtCseu3RPUk6KTY_9lil_hopps3uav5testss_8test_new
FNDA:1,_RNCNvNtNtCseu3RPUk6KTY_9lil_hopps3uav5tests8test_new0B7_
FNDA:1,_RNCNvNtNtCseu3RPUk6KTY_9lil_hopps3uav5tests12test_process0B7_
FNF:6
FNH:6
DA:18,9
DA:19,9
DA:20,9
DA:22,45
DA:23,36
DA:24,36
DA:26,9
DA:27,9
DA:28,9
DA:29,9
DA:30,9
DA:31,9
DA:32,9
DA:34,2
DA:35,2
DA:37,10
DA:38,8
DA:39,8
DA:40,2
DA:41,2
DA:48,2
DA:49,2
DA:50,2
DA:51,2
DA:52,2
DA:53,2
DA:55,2
DA:56,2
DA:57,2
DA:58,2
DA:59,2
DA:60,2
DA:61,2
DA:62,2
DA:63,2
DA:64,2
DA:65,2
BRF:0
BRH:0
LF:37
LH:37
end_of_record
SF:/Users/alex/repos/victoryforphil/lil-hopps/src/uav/software.rs
FN:27,_RNvNtNtNtCs1jsxYAWhfUx_9lil_hopps3uav8software5testss_17test_uav_software
FN:14,_RNvMNtNtCs1jsxYAWhfUx_9lil_hopps3uav8softwareNtB2_11UAVSoftware7process
FN:8,_RNvMNtNtCs1jsxYAWhfUx_9lil_hopps3uav8softwareNtB2_11UAVSoftware3new
FN:26,_RNCNvNtNtNtCs1jsxYAWhfUx_9lil_hopps3uav8software5tests17test_uav_software0B9_
FN:26,_RNCNvNtNtNtCseu3RPUk6KTY_9lil_hopps3uav8software5tests17test_uav_software0B9_
FN:14,_RNvMNtNtCseu3RPUk6KTY_9lil_hopps3uav8softwareNtB2_11UAVSoftware7process
FN:8,_RNvMNtNtCseu3RPUk6KTY_9lil_hopps3uav8softwareNtB2_11UAVSoftware3new
FN:27,_RNvNtNtNtCseu3RPUk6KTY_9lil_hopps3uav8software5testss_17test_uav_software
FNDA:1,_RNvNtNtNtCs1jsxYAWhfUx_9lil_hopps3uav8software5testss_17test_uav_software
FNDA:2,_RNvMNtNtCs1jsxYAWhfUx_9lil_hopps3uav8softwareNtB2_11UAVSoftware7process
FNDA:8,_RNvMNtNtCs1jsxYAWhfUx_9lil_hopps3uav8softwareNtB2_11UAVSoftware3new
FNDA:1,_RNCNvNtNtNtCs1jsxYAWhfUx_9lil_hopps3uav8software5tests17test_uav_software0B9_
FNDA:1,_RNCNvNtNtNtCseu3RPUk6KTY_9lil_hopps3uav8software5tests17test_uav_software0B9_
FNDA:2,_RNvMNtNtCseu3RPUk6KTY_9lil_hopps3uav8softwareNtB2_11UAVSoftware7process
FNDA:3,_RNvMNtNtCseu3RPUk6KTY_9lil_hopps3uav8softwareNtB2_11UAVSoftware3new
FNDA:1,_RNvNtNtNtCseu3RPUk6KTY_9lil_hopps3uav8software5testss_17test_uav_software
FNF:4
FNH:4
DA:8,11
DA:9,11
DA:10,11
DA:11,11
DA:12,11
DA:14,4
DA:15,4
DA:16,4
DA:17,4
DA:18,4
DA:26,2
DA:27,2
DA:28,2
DA:29,2
DA:30,2
DA:31,2
DA:32,2
BRF:0
BRH:0
LF:17
LH:17
end_of_record
SF:/Users/alex/repos/victoryforphil/lil-hopps/src/uav/state.rs
FN:40,_RNvNtNtNtCs1jsxYAWhfUx_9lil_hopps3uav5state5testss_20test_safe_set_motors
FN:32,_RNvNtNtNtCs1jsxYAWhfUx_9lil_hopps3uav5state5testss_8test_new
FN:39,_RNCNvNtNtNtCs1jsxYAWhfUx_9lil_hopps3uav5state5tests20test_safe_set_motors0B9_
FN:31,_RNCNvNtNtNtCs1jsxYAWhfUx_9lil_hopps3uav5state5tests8test_new0B9_
FN:2,_RNvXs2_NtNtCs1jsxYAWhfUx_9lil_hopps3uav5stateNtB5_8UAVStateNtNtCs8wOFr1cHCbA_4core5clone5Clone5cloneB9_
FN:2,_RNvXs_NtNtCs1jsxYAWhfUx_9lil_hopps3uav5stateNtB4_8UAVStateNtNtCs8wOFr1cHCbA_4core3fmt5Debug3fmt
FN:20,_RNvMNtNtCs1jsxYAWhfUx_9lil_hopps3uav5stateNtB2_8UAVState15safe_set_motors
FN:2,_RNvXs1_NtNtCs1jsxYAWhfUx_9lil_hopps3uav5stateNtB5_8UAVStateNtNtCs8wOFr1cHCbA_4core3cmp9PartialEq2eqB9_
FN:10,_RNvMNtNtCs1jsxYAWhfUx_9lil_hopps3uav5stateNtB2_8UAVState3new
FN:39,_RNCNvNtNtNtCseu3RPUk6KTY_9lil_hopps3uav5state5tests20test_safe_set_motors0B9_
FN:31,_RNCNvNtNtNtCseu3RPUk6KTY_9lil_hopps3uav5state5tests8test_new0B9_
FN:32,_RNvNtNtNtCseu3RPUk6KTY_9lil_hopps3uav5state5testss_8test_new
FN:40,_RNvNtNtNtCseu3RPUk6KTY_9lil_hopps3uav5state5testss_20test_safe_set_motors
FN:2,_RNvXs2_NtNtCseu3RPUk6KTY_9lil_hopps3uav5stateNtB5_8UAVStateNtNtCs8wOFr1cHCbA_4core5clone5Clone5cloneB9_
FN:10,_RNvMNtNtCseu3RPUk6KTY_9lil_hopps3uav5stateNtB2_8UAVState3new
FN:2,_RNvXs_NtNtCseu3RPUk6KTY_9lil_hopps3uav5stateNtB4_8UAVStateNtNtCs8wOFr1cHCbA_4core3fmt5Debug3fmt
FN:20,_RNvMNtNtCseu3RPUk6KTY_9lil_hopps3uav5stateNtB2_8UAVState15safe_set_motors
FN:2,_RNvXs1_NtNtCseu3RPUk6KTY_9lil_hopps3uav5stateNtB5_8UAVStateNtNtCs8wOFr1cHCbA_4core3cmp9PartialEq2eqB9_
FNDA:1,_RNvNtNtNtCs1jsxYAWhfUx_9lil_hopps3uav5state5testss_20test_safe_set_motors
FNDA:1,_RNvNtNtNtCs1jsxYAWhfUx_9lil_hopps3uav5state5testss_8test_new
FNDA:1,_RNCNvNtNtNtCs1jsxYAWhfUx_9lil_hopps3uav5state5tests20test_safe_set_motors0B9_
FNDA:1,_RNCNvNtNtNtCs1jsxYAWhfUx_9lil_hopps3uav5state5tests8test_new0B9_
FNDA:5021,_RNvXs2_NtNtCs1jsxYAWhfUx_9lil_hopps3uav5stateNtB5_8UAVStateNtNtCs8wOFr1cHCbA_4core5clone5Clone5cloneB9_
FNDA:0,_RNvXs_NtNtCs1jsxYAWhfUx_9lil_hopps3uav5stateNtB4_8UAVStateNtNtCs8wOFr1cHCbA_4core3fmt5Debug3fmt
FNDA:1,_RNvMNtNtCs1jsxYAWhfUx_9lil_hopps3uav5stateNtB2_8UAVState15safe_set_motors
FNDA:3,_RNvXs1_NtNtCs1jsxYAWhfUx_9lil_hopps3uav5stateNtB5_8UAVStateNtNtCs8wOFr1cHCbA_4core3cmp9PartialEq2eqB9_
FNDA:21,_RNvMNtNtCs1jsxYAWhfUx_9lil_hopps3uav5stateNtB2_8UAVState3new
FNDA:1,_RNCNvNtNtNtCseu3RPUk6KTY_9lil_hopps3uav5state5tests20test_safe_set_motors0B9_
FNDA:1,_RNCNvNtNtNtCseu3RPUk6KTY_9lil_hopps3uav5state5tests8test_new0B9_
FNDA:1,_RNvNtNtNtCseu3RPUk6KTY_9lil_hopps3uav5state5testss_8test_new
FNDA:1,_RNvNtNtNtCseu3RPUk6KTY_9lil_hopps3uav5state5testss_20test_safe_set_motors
FNDA:2,_RNvXs2_NtNtCseu3RPUk6KTY_9lil_hopps3uav5stateNtB5_8UAVStateNtNtCs8wOFr1cHCbA_4core5clone5Clone5cloneB9_
FNDA:6,_RNvMNtNtCseu3RPUk6KTY_9lil_hopps3uav5stateNtB2_8UAVState3new
FNDA:0,_RNvXs_NtNtCseu3RPUk6KTY_9lil_hopps3uav5stateNtB4_8UAVStateNtNtCs8wOFr1cHCbA_4core3fmt5Debug3fmt
FNDA:1,_RNvMNtNtCseu3RPUk6KTY_9lil_hopps3uav5stateNtB2_8UAVState15safe_set_motors
FNDA:1,_RNvXs1_NtNtCseu3RPUk6KTY_9lil_hopps3uav5stateNtB5_8UAVStateNtNtCs8wOFr1cHCbA_4core3cmp9PartialEq2eqB9_
FNF:9
FNH:8
DA:2,5023
DA:10,27
DA:11,27
DA:12,27
DA:13,27
DA:14,27
DA:15,27
DA:16,27
DA:20,2
DA:21,10
DA:22,8
DA:23,8
DA:24,2
DA:31,2
DA:32,2
DA:33,2
DA:34,2
DA:35,2
DA:36,2
DA:37,2
DA:39,2
DA:40,2
DA:41,2
DA:42,2
DA:43,2
DA:44,2
BRF:0
BRH:0
LF:28
LH:27
end_of_record
SF:/Users/alex/repos/victoryforphil/lil-hopps/src/viz/mod.rs
FN:35,_RNvNtNtCseu3RPUk6KTY_9lil_hopps3viz5testss_18test_visualization
FN:6,_RNvMNtCseu3RPUk6KTY_9lil_hopps3vizNtB2_13Visualization3new
FN:16,_RNvMNtCseu3RPUk6KTY_9lil_hopps3vizNtB2_13Visualization6render
FN:12,_RNvMNtCseu3RPUk6KTY_9lil_hopps3vizNtB2_13Visualization4init
FN:34,_RNCNvNtNtCseu3RPUk6KTY_9lil_hopps3viz5tests18test_visualization0B7_
FNDA:1,_RNvNtNtCseu3RPUk6KTY_9lil_hopps3viz5testss_18test_visualization
FNDA:1,_RNvMNtCseu3RPUk6KTY_9lil_hopps3vizNtB2_13Visualization3new
FNDA:1,_RNvMNtCseu3RPUk6KTY_9lil_hopps3vizNtB2_13Visualization6render
FNDA:1,_RNvMNtCseu3RPUk6KTY_9lil_hopps3vizNtB2_13Visualization4init
FNDA:1,_RNCNvNtNtCseu3RPUk6KTY_9lil_hopps3viz5tests18test_visualization0B7_
FNF:5
FNH:5
DA:6,1
DA:7,1
DA:8,1
DA:9,1
DA:10,1
DA:12,1
DA:13,1
DA:14,1
DA:16,1
DA:17,1
DA:18,1
DA:34,1
DA:35,1
DA:36,1
DA:37,1
DA:38,1
DA:39,1
BRF:0
BRH:0
LF:17
LH:17
end_of_record