SF:/Users/alex/repos/victoryforphil/lil-hopps/src/main.rs
FN:5,_RNvCslj5Wu4Tp4GN_9lil_hopps4main
FNDA:0,_RNvCslj5Wu4Tp4GN_9lil_hopps4main
FNF:1
FNH:0
DA:5,0
DA:6,0
DA:7,0
BRF:0
BRH:0
LF:3
LH:0
end_of_record
SF:/Users/alex/repos/victoryforphil/lil-hopps/src/simulation/actors/uav_actor.rs
FN:37,_RNvMs_NtNtNtCslj5Wu4Tp4GN_9lil_hopps10simulation6actors9uav_actorNtB4_8UAVActor17apply_motor_force
FN:66,_RNvXs0_NtNtNtCslj5Wu4Tp4GN_9lil_hopps10simulation6actors9uav_actorNtB5_8UAVActorINtB7_8SimActorNtB5_14UAVActorResultE4step
FN:15,_RNvMNtNtNtCslj5Wu4Tp4GN_9lil_hopps10simulation6actors9uav_actorNtB2_14UAVActorResult3new
FN:29,_RNvMs_NtNtNtCslj5Wu4Tp4GN_9lil_hopps10simulation6actors9uav_actorNtB4_8UAVActor3new
FN:58,_RNvXs0_NtNtNtCslj5Wu4Tp4GN_9lil_hopps10simulation6actors9uav_actorNtB5_8UAVActorINtB7_8SimActorNtB5_14UAVActorResultE4init
FNDA:0,_RNvMs_NtNtNtCslj5Wu4Tp4GN_9lil_hopps10simulation6actors9uav_actorNtB4_8UAVActor17apply_motor_force
FNDA:0,_RNvXs0_NtNtNtCslj5Wu4Tp4GN_9lil_hopps10simulation6actors9uav_actorNtB5_8UAVActorINtB7_8SimActorNtB5_14UAVActorResultE4step
FNDA:0,_RNvMNtNtNtCslj5Wu4Tp4GN_9lil_hopps10simulation6actors9uav_actorNtB2_14UAVActorResult3new
FNDA:0,_RNvMs_NtNtNtCslj5Wu4Tp4GN_9lil_hopps10simulation6actors9uav_actorNtB4_8UAVActor3new
FNDA:0,_RNvXs0_NtNtNtCslj5Wu4Tp4GN_9lil_hopps10simulation6actors9uav_actorNtB5_8UAVActorINtB7_8SimActorNtB5_14UAVActorResultE4init
FNF:5
FNH:0
DA:15,0
DA:16,0
DA:17,0
DA:18,0
DA:19,0
DA:29,0
DA:30,0
DA:31,0
DA:32,0
DA:33,0
DA:34,0
DA:35,0
DA:37,0
DA:39,0
DA:40,0
DA:41,0
DA:42,0
DA:43,0
DA:44,0
DA:45,0
DA:46,0
DA:47,0
DA:48,0
DA:49,0
DA:50,0
DA:51,0
DA:54,0
DA:58,0
DA:59,0
DA:60,0
DA:61,0
DA:62,0
DA:63,0
DA:64,0
DA:66,0
DA:67,0
DA:68,0
DA:69,0
DA:70,0
DA:71,0
DA:72,0
BRF:0
BRH:0
LF:41
LH:0
end_of_record
SF:/Users/alex/repos/victoryforphil/lil-hopps/src/simulation/actors/world_actor.rs
FN:14,_RNvMNtNtNtCslj5Wu4Tp4GN_9lil_hopps10simulation6actors11world_actorNtB2_16WorldActorResult3new
FN:35,_RNvXs0_NtNtNtCslj5Wu4Tp4GN_9lil_hopps10simulation6actors11world_actorNtB5_10WorldActorINtB7_8SimActorNtB5_16WorldActorResultE4init
FN:26,_RNvMs_NtNtNtCslj5Wu4Tp4GN_9lil_hopps10simulation6actors11world_actorNtB4_10WorldActor3new
FN:43,_RNvXs0_NtNtNtCslj5Wu4Tp4GN_9lil_hopps10simulation6actors11world_actorNtB5_10WorldActorINtB7_8SimActorNtB5_16WorldActorResultE4step
FN:59,_RNCNvNtNtNtNtCslj5Wu4Tp4GN_9lil_hopps10simulation6actors11world_actor5tests16test_world_actor0Bb_
FN:60,_RNvNtNtNtNtCslj5Wu4Tp4GN_9lil_hopps10simulation6actors11world_actor5testss_16test_world_actor
FNDA:2,_RNvMNtNtNtCslj5Wu4Tp4GN_9lil_hopps10simulation6actors11world_actorNtB2_16WorldActorResult3new
FNDA:1,_RNvXs0_NtNtNtCslj5Wu4Tp4GN_9lil_hopps10simulation6actors11world_actorNtB5_10WorldActorINtB7_8SimActorNtB5_16WorldActorResultE4init
FNDA:1,_RNvMs_NtNtNtCslj5Wu4Tp4GN_9lil_hopps10simulation6actors11world_actorNtB4_10WorldActor3new
FNDA:1,_RNvXs0_NtNtNtCslj5Wu4Tp4GN_9lil_hopps10simulation6actors11world_actorNtB5_10WorldActorINtB7_8SimActorNtB5_16WorldActorResultE4step
FNDA:1,_RNCNvNtNtNtNtCslj5Wu4Tp4GN_9lil_hopps10simulation6actors11world_actor5tests16test_world_actor0Bb_
FNDA:1,_RNvNtNtNtNtCslj5Wu4Tp4GN_9lil_hopps10simulation6actors11world_actor5testss_16test_world_actor
FNF:6
FNH:6
DA:14,2
DA:15,2
DA:16,2
DA:17,2
DA:18,2
DA:26,1
DA:27,1
DA:28,1
DA:29,1
DA:30,1
DA:35,1
DA:36,1
DA:37,1
DA:38,1
DA:39,1
DA:40,1
DA:41,1
DA:43,1
DA:44,1
DA:45,1
DA:46,1
DA:47,1
DA:48,1
DA:59,1
DA:60,1
DA:61,1
DA:62,1
DA:63,1
DA:64,1
DA:65,1
DA:66,1
DA:67,1
DA:68,1
DA:70,1
DA:71,1
BRF:0
BRH:0
LF:35
LH:35
end_of_record
SF:/Users/alex/repos/victoryforphil/lil-hopps/src/simulation/context.rs
FN:52,_RNvNtNtNtCslj5Wu4Tp4GN_9lil_hopps10simulation7context5testss_12test_context
FN:51,_RNCNvNtNtNtCslj5Wu4Tp4GN_9lil_hopps10simulation7context5tests12test_context0B9_
FN:24,_RNvMNtNtCslj5Wu4Tp4GN_9lil_hopps10simulation7contextNtB2_17SimulationContext3new
FNDA:1,_RNvNtNtNtCslj5Wu4Tp4GN_9lil_hopps10simulation7context5testss_12test_context
FNDA:1,_RNCNvNtNtNtCslj5Wu4Tp4GN_9lil_hopps10simulation7context5tests12test_context0B9_
FNDA:2,_RNvMNtNtCslj5Wu4Tp4GN_9lil_hopps10simulation7contextNtB2_17SimulationContext3new
FNF:3
FNH:3
DA:24,2
DA:25,2
DA:26,2
DA:27,2
DA:28,2
DA:29,2
DA:30,2
DA:31,2
DA:32,2
DA:33,2
DA:34,2
DA:35,2
DA:36,2
DA:37,2
DA:38,2
DA:39,2
DA:40,2
DA:41,2
DA:51,1
DA:52,1
DA:53,1
DA:54,1
DA:55,1
DA:56,1
BRF:0
BRH:0
LF:24
LH:24
end_of_record
SF:/Users/alex/repos/victoryforphil/lil-hopps/src/simulation/mod.rs
FN:15,_RNvMNtCslj5Wu4Tp4GN_9lil_hopps10simulationNtB2_10Simulation3new
FN:26,_RNvMNtCslj5Wu4Tp4GN_9lil_hopps10simulationNtB2_10Simulation4step
FN:22,_RNvMNtCslj5Wu4Tp4GN_9lil_hopps10simulationNtB2_10Simulation4init
FNDA:0,_RNvMNtCslj5Wu4Tp4GN_9lil_hopps10simulationNtB2_10Simulation3new
FNDA:0,_RNvMNtCslj5Wu4Tp4GN_9lil_hopps10simulationNtB2_10Simulation4step
FNDA:0,_RNvMNtCslj5Wu4Tp4GN_9lil_hopps10simulationNtB2_10Simulation4init
FNF:3
FNH:0
DA:15,0
DA:16,0
DA:17,0
DA:18,0
DA:19,0
DA:20,0
DA:22,0
DA:23,0
DA:24,0
DA:26,0
DA:27,0
DA:28,0
BRF:0
BRH:0
LF:12
LH:0
end_of_record
SF:/Users/alex/repos/victoryforphil/lil-hopps/src/simulation/state.rs
FN:6,_RNvMNtNtCslj5Wu4Tp4GN_9lil_hopps10simulation5stateNtB2_15SimulationState3new
FN:18,_RNvNtNtNtCslj5Wu4Tp4GN_9lil_hopps10simulation5state5testss_8test_new
FN:17,_RNCNvNtNtNtCslj5Wu4Tp4GN_9lil_hopps10simulation5state5tests8test_new0B9_
FNDA:1,_RNvMNtNtCslj5Wu4Tp4GN_9lil_hopps10simulation5stateNtB2_15SimulationState3new
FNDA:1,_RNvNtNtNtCslj5Wu4Tp4GN_9lil_hopps10simulation5state5testss_8test_new
FNDA:1,_RNCNvNtNtNtCslj5Wu4Tp4GN_9lil_hopps10simulation5state5tests8test_new0B9_
FNF:3
FNH:3
DA:6,1
DA:7,1
DA:8,1
DA:9,1
DA:10,1
DA:17,1
DA:18,1
DA:19,1
DA:20,1
DA:21,1
BRF:0
BRH:0
LF:10
LH:10
end_of_record
SF:/Users/alex/repos/victoryforphil/lil-hopps/src/types/motors.rs
FN:106,_RNCNvNtNtNtCsaoDM39njmw_9lil_hopps5types6motors5tests21test_calculate_offset0B9_
FN:129,_RNCNvNtNtNtCsaoDM39njmw_9lil_hopps5types6motors5tests21test_get_force_vector0B9_
FN:97,_RNCNvNtNtNtCsaoDM39njmw_9lil_hopps5types6motors5tests8test_new0B9_
FN:121,_RNCNvNtNtNtCsaoDM39njmw_9lil_hopps5types6motors5tests21test_set_input_scalar0B9_
FN:13,_RNvXs2_NtNtCsaoDM39njmw_9lil_hopps5types6motorsNtB5_12MotorPhysicsNtNtCs8wOFr1cHCbA_4core3cmp9PartialEq2eqB9_
FN:13,_RNvXs0_NtNtCsaoDM39njmw_9lil_hopps5types6motorsNtB5_12MotorPhysicsNtNtCs8wOFr1cHCbA_4core3fmt5Debug3fmt
FN:21,_RNvXNtNtCsaoDM39njmw_9lil_hopps5types6motorsNtB2_12MotorPhysicsNtNtCs8wOFr1cHCbA_4core3fmt7Display3fmt
FN:13,_RNvXs3_NtNtCsaoDM39njmw_9lil_hopps5types6motorsNtB5_12MotorPhysicsNtNtCs8wOFr1cHCbA_4core5clone5Clone5cloneB9_
FN:80,_RNvMs_NtNtCsaoDM39njmw_9lil_hopps5types6motorsNtB4_5Motor16calculate_offset
FN:28,_RNvMs_NtNtCsaoDM39njmw_9lil_hopps5types6motorsNtB4_5Motor3new
FN:43,_RNvMs_NtNtCsaoDM39njmw_9lil_hopps5types6motorsNtB4_5Motor16set_input_scalar
FN:53,_RNvMs_NtNtCsaoDM39njmw_9lil_hopps5types6motorsNtB4_5Motor11get_physics
FN:122,_RNvNtNtNtCsaoDM39njmw_9lil_hopps5types6motors5testss_21test_set_input_scalar
FN:107,_RNvNtNtNtCsaoDM39njmw_9lil_hopps5types6motors5testss_21test_calculate_offset
FN:98,_RNvNtNtNtCsaoDM39njmw_9lil_hopps5types6motors5testss_8test_new
FN:130,_RNvNtNtNtCsaoDM39njmw_9lil_hopps5types6motors5testss_21test_get_force_vector
FN:13,_RNvXs3_NtNtCslj5Wu4Tp4GN_9lil_hopps5types6motorsNtB5_12MotorPhysicsNtNtCs8wOFr1cHCbA_4core5clone5Clone5cloneB9_
FN:13,_RNvXs0_NtNtCslj5Wu4Tp4GN_9lil_hopps5types6motorsNtB5_12MotorPhysicsNtNtCs8wOFr1cHCbA_4core3fmt5Debug3fmt
FN:21,_RNvXNtNtCslj5Wu4Tp4GN_9lil_hopps5types6motorsNtB2_12MotorPhysicsNtNtCs8wOFr1cHCbA_4core3fmt7Display3fmt
FN:13,_RNvXs2_NtNtCslj5Wu4Tp4GN_9lil_hopps5types6motorsNtB5_12MotorPhysicsNtNtCs8wOFr1cHCbA_4core3cmp9PartialEq2eqB9_
FN:80,_RNvMs_NtNtCslj5Wu4Tp4GN_9lil_hopps5types6motorsNtB4_5Motor16calculate_offset
FN:28,_RNvMs_NtNtCslj5Wu4Tp4GN_9lil_hopps5types6motorsNtB4_5Motor3new
FN:43,_RNvMs_NtNtCslj5Wu4Tp4GN_9lil_hopps5types6motorsNtB4_5Motor16set_input_scalar
FN:53,_RNvMs_NtNtCslj5Wu4Tp4GN_9lil_hopps5types6motorsNtB4_5Motor11get_physics
FN:130,_RNvNtNtNtCslj5Wu4Tp4GN_9lil_hopps5types6motors5testss_21test_get_force_vector
FN:107,_RNvNtNtNtCslj5Wu4Tp4GN_9lil_hopps5types6motors5testss_21test_calculate_offset
FN:98,_RNvNtNtNtCslj5Wu4Tp4GN_9lil_hopps5types6motors5testss_8test_new
FN:122,_RNvNtNtNtCslj5Wu4Tp4GN_9lil_hopps5types6motors5testss_21test_set_input_scalar
FN:106,_RNCNvNtNtNtCslj5Wu4Tp4GN_9lil_hopps5types6motors5tests21test_calculate_offset0B9_
FN:97,_RNCNvNtNtNtCslj5Wu4Tp4GN_9lil_hopps5types6motors5tests8test_new0B9_
FN:121,_RNCNvNtNtNtCslj5Wu4Tp4GN_9lil_hopps5types6motors5tests21test_set_input_scalar0B9_
FN:129,_RNCNvNtNtNtCslj5Wu4Tp4GN_9lil_hopps5types6motors5tests21test_get_force_vector0B9_
FNDA:1,_RNCNvNtNtNtCsaoDM39njmw_9lil_hopps5types6motors5tests21test_calculate_offset0B9_
FNDA:1,_RNCNvNtNtNtCsaoDM39njmw_9lil_hopps5types6motors5tests21test_get_force_vector0B9_
FNDA:1,_RNCNvNtNtNtCsaoDM39njmw_9lil_hopps5types6motors5tests8test_new0B9_
FNDA:1,_RNCNvNtNtNtCsaoDM39njmw_9lil_hopps5types6motors5tests21test_set_input_scalar0B9_
FNDA:0,_RNvXs2_NtNtCsaoDM39njmw_9lil_hopps5types6motorsNtB5_12MotorPhysicsNtNtCs8wOFr1cHCbA_4core3cmp9PartialEq2eqB9_
FNDA:0,_RNvXs0_NtNtCsaoDM39njmw_9lil_hopps5types6motorsNtB5_12MotorPhysicsNtNtCs8wOFr1cHCbA_4core3fmt5Debug3fmt
FNDA:0,_RNvXNtNtCsaoDM39njmw_9lil_hopps5types6motorsNtB2_12MotorPhysicsNtNtCs8wOFr1cHCbA_4core3fmt7Display3fmt
FNDA:0,_RNvXs3_NtNtCsaoDM39njmw_9lil_hopps5types6motorsNtB5_12MotorPhysicsNtNtCs8wOFr1cHCbA_4core5clone5Clone5cloneB9_
FNDA:11,_RNvMs_NtNtCsaoDM39njmw_9lil_hopps5types6motorsNtB4_5Motor16calculate_offset
FNDA:7,_RNvMs_NtNtCsaoDM39njmw_9lil_hopps5types6motorsNtB4_5Motor3new
FNDA:2,_RNvMs_NtNtCsaoDM39njmw_9lil_hopps5types6motorsNtB4_5Motor16set_input_scalar
FNDA:1,_RNvMs_NtNtCsaoDM39njmw_9lil_hopps5types6motorsNtB4_5Motor11get_physics
FNDA:1,_RNvNtNtNtCsaoDM39njmw_9lil_hopps5types6motors5testss_21test_set_input_scalar
FNDA:1,_RNvNtNtNtCsaoDM39njmw_9lil_hopps5types6motors5testss_21test_calculate_offset
FNDA:1,_RNvNtNtNtCsaoDM39njmw_9lil_hopps5types6motors5testss_8test_new
FNDA:1,_RNvNtNtNtCsaoDM39njmw_9lil_hopps5types6motors5testss_21test_get_force_vector
FNDA:0,_RNvXs3_NtNtCslj5Wu4Tp4GN_9lil_hopps5types6motorsNtB5_12MotorPhysicsNtNtCs8wOFr1cHCbA_4core5clone5Clone5cloneB9_
FNDA:0,_RNvXs0_NtNtCslj5Wu4Tp4GN_9lil_hopps5types6motorsNtB5_12MotorPhysicsNtNtCs8wOFr1cHCbA_4core3fmt5Debug3fmt
FNDA:0,_RNvXNtNtCslj5Wu4Tp4GN_9lil_hopps5types6motorsNtB2_12MotorPhysicsNtNtCs8wOFr1cHCbA_4core3fmt7Display3fmt
FNDA:0,_RNvXs2_NtNtCslj5Wu4Tp4GN_9lil_hopps5types6motorsNtB5_12MotorPhysicsNtNtCs8wOFr1cHCbA_4core3cmp9PartialEq2eqB9_
FNDA:11,_RNvMs_NtNtCslj5Wu4Tp4GN_9lil_hopps5types6motorsNtB4_5Motor16calculate_offset
FNDA:7,_RNvMs_NtNtCslj5Wu4Tp4GN_9lil_hopps5types6motorsNtB4_5Motor3new
FNDA:2,_RNvMs_NtNtCslj5Wu4Tp4GN_9lil_hopps5types6motorsNtB4_5Motor16set_input_scalar
FNDA:1,_RNvMs_NtNtCslj5Wu4Tp4GN_9lil_hopps5types6motorsNtB4_5Motor11get_physics
FNDA:1,_RNvNtNtNtCslj5Wu4Tp4GN_9lil_hopps5types6motors5testss_21test_get_force_vector
FNDA:1,_RNvNtNtNtCslj5Wu4Tp4GN_9lil_hopps5types6motors5testss_21test_calculate_offset
FNDA:1,_RNvNtNtNtCslj5Wu4Tp4GN_9lil_hopps5types6motors5testss_8test_new
FNDA:1,_RNvNtNtNtCslj5Wu4Tp4GN_9lil_hopps5types6motors5testss_21test_set_input_scalar
FNDA:1,_RNCNvNtNtNtCslj5Wu4Tp4GN_9lil_hopps5types6motors5tests21test_calculate_offset0B9_
FNDA:1,_RNCNvNtNtNtCslj5Wu4Tp4GN_9lil_hopps5types6motors5tests8test_new0B9_
FNDA:1,_RNCNvNtNtNtCslj5Wu4Tp4GN_9lil_hopps5types6motors5tests21test_set_input_scalar0B9_
FNDA:1,_RNCNvNtNtNtCslj5Wu4Tp4GN_9lil_hopps5types6motors5tests21test_get_force_vector0B9_
FNF:16
FNH:12
DA:13,0
DA:21,0
DA:22,0
DA:23,0
DA:28,14
DA:29,14
DA:30,14
DA:31,14
DA:32,14
DA:33,14
DA:34,14
DA:35,14
DA:43,4
DA:44,4
DA:45,4
DA:53,2
DA:54,2
DA:55,2
DA:56,2
DA:57,2
DA:58,2
DA:59,2
DA:60,2
DA:61,2
DA:62,2
DA:63,2
DA:64,2
DA:80,22
DA:81,22
DA:82,10
DA:83,4
DA:84,4
DA:85,2
DA:86,2
DA:88,22
DA:97,2
DA:98,2
DA:99,2
DA:100,2
DA:101,2
DA:102,2
DA:103,2
DA:104,2
DA:106,2
DA:107,2
DA:108,2
DA:109,2
DA:111,2
DA:112,2
DA:114,2
DA:115,2
DA:117,2
DA:118,2
DA:119,2
DA:121,2
DA:122,2
DA:123,2
DA:124,2
DA:125,2
DA:126,2
DA:127,2
DA:129,2
DA:130,2
DA:131,2
DA:132,2
DA:133,2
DA:134,2
DA:135,2
DA:137,2
DA:138,2
BRF:0
BRH:0
LF:72
LH:66
end_of_record
SF:/Users/alex/repos/victoryforphil/lil-hopps/src/types/movement.rs
FN:1,_RNvXs0_NtNtCsaoDM39njmw_9lil_hopps5types8movementNtB5_8MovementNtNtCs8wOFr1cHCbA_4core3fmt5Debug3fmt
FN:19,_RNvMNtNtCsaoDM39njmw_9lil_hopps5types8movementNtB2_8Movement4zero
FN:30,_RNvXs_NtNtCsaoDM39njmw_9lil_hopps5types8movementNtB4_8MovementNtNtCs8wOFr1cHCbA_4core3fmt7Display3fmt
FN:1,_RNvXs4_NtNtCsaoDM39njmw_9lil_hopps5types8movementNtB5_8MovementNtNtCs8wOFr1cHCbA_4core3cmp9PartialEq2eqB9_
FN:10,_RNvMNtNtCsaoDM39njmw_9lil_hopps5types8movementNtB2_8Movement3new
FN:39,_RNCNvNtNtNtCsaoDM39njmw_9lil_hopps5types8movement5tests17test_movement_new0B9_
FN:52,_RNCNvNtNtNtCsaoDM39njmw_9lil_hopps5types8movement5tests18test_movement_zero0B9_
FN:61,_RNCNvNtNtNtCsaoDM39njmw_9lil_hopps5types8movement5tests21test_movement_display0B9_
FN:62,_RNvNtNtNtCsaoDM39njmw_9lil_hopps5types8movement5testss_21test_movement_display
FN:40,_RNvNtNtNtCsaoDM39njmw_9lil_hopps5types8movement5testss_17test_movement_new
FN:53,_RNvNtNtNtCsaoDM39njmw_9lil_hopps5types8movement5testss_18test_movement_zero
FN:1,_RNvXs1_NtNtCsaoDM39njmw_9lil_hopps5types8movementNtB5_8MovementNtNtCs8wOFr1cHCbA_4core5clone5Clone5cloneB9_
FN:1,_RNvXs1_NtNtCslj5Wu4Tp4GN_9lil_hopps5types8movementNtB5_8MovementNtNtCs8wOFr1cHCbA_4core5clone5Clone5cloneB9_
FN:61,_RNCNvNtNtNtCslj5Wu4Tp4GN_9lil_hopps5types8movement5tests21test_movement_display0B9_
FN:39,_RNCNvNtNtNtCslj5Wu4Tp4GN_9lil_hopps5types8movement5tests17test_movement_new0B9_
FN:52,_RNCNvNtNtNtCslj5Wu4Tp4GN_9lil_hopps5types8movement5tests18test_movement_zero0B9_
FN:1,_RNvXs0_NtNtCslj5Wu4Tp4GN_9lil_hopps5types8movementNtB5_8MovementNtNtCs8wOFr1cHCbA_4core3fmt5Debug3fmt
FN:19,_RNvMNtNtCslj5Wu4Tp4GN_9lil_hopps5types8movementNtB2_8Movement4zero
FN:30,_RNvXs_NtNtCslj5Wu4Tp4GN_9lil_hopps5types8movementNtB4_8MovementNtNtCs8wOFr1cHCbA_4core3fmt7Display3fmt
FN:1,_RNvXs4_NtNtCslj5Wu4Tp4GN_9lil_hopps5types8movementNtB5_8MovementNtNtCs8wOFr1cHCbA_4core3cmp9PartialEq2eqB9_
FN:10,_RNvMNtNtCslj5Wu4Tp4GN_9lil_hopps5types8movementNtB2_8Movement3new
FN:40,_RNvNtNtNtCslj5Wu4Tp4GN_9lil_hopps5types8movement5testss_17test_movement_new
FN:53,_RNvNtNtNtCslj5Wu4Tp4GN_9lil_hopps5types8movement5testss_18test_movement_zero
FN:62,_RNvNtNtNtCslj5Wu4Tp4GN_9lil_hopps5types8movement5testss_21test_movement_display
FNDA:0,_RNvXs0_NtNtCsaoDM39njmw_9lil_hopps5types8movementNtB5_8MovementNtNtCs8wOFr1cHCbA_4core3fmt5Debug3fmt
FNDA:6,_RNvMNtNtCsaoDM39njmw_9lil_hopps5types8movementNtB2_8Movement4zero
FNDA:1,_RNvXs_NtNtCsaoDM39njmw_9lil_hopps5types8movementNtB4_8MovementNtNtCs8wOFr1cHCbA_4core3fmt7Display3fmt
FNDA:2,_RNvXs4_NtNtCsaoDM39njmw_9lil_hopps5types8movementNtB5_8MovementNtNtCs8wOFr1cHCbA_4core3cmp9PartialEq2eqB9_
FNDA:2,_RNvMNtNtCsaoDM39njmw_9lil_hopps5types8movementNtB2_8Movement3new
FNDA:1,_RNCNvNtNtNtCsaoDM39njmw_9lil_hopps5types8movement5tests17test_movement_new0B9_
FNDA:1,_RNCNvNtNtNtCsaoDM39njmw_9lil_hopps5types8movement5tests18test_movement_zero0B9_
FNDA:1,_RNCNvNtNtNtCsaoDM39njmw_9lil_hopps5types8movement5tests21test_movement_display0B9_
FNDA:1,_RNvNtNtNtCsaoDM39njmw_9lil_hopps5types8movement5testss_21test_movement_display
FNDA:1,_RNvNtNtNtCsaoDM39njmw_9lil_hopps5types8movement5testss_17test_movement_new
FNDA:1,_RNvNtNtNtCsaoDM39njmw_9lil_hopps5types8movement5testss_18test_movement_zero
FNDA:0,_RNvXs1_NtNtCsaoDM39njmw_9lil_hopps5types8movementNtB5_8MovementNtNtCs8wOFr1cHCbA_4core5clone5Clone5cloneB9_
FNDA:0,_RNvXs1_NtNtCslj5Wu4Tp4GN_9lil_hopps5types8movementNtB5_8MovementNtNtCs8wOFr1cHCbA_4core5clone5Clone5cloneB9_
FNDA:1,_RNCNvNtNtNtCslj5Wu4Tp4GN_9lil_hopps5types8movement5tests21test_movement_display0B9_
FNDA:1,_RNCNvNtNtNtCslj5Wu4Tp4GN_9lil_hopps5types8movement5tests17test_movement_new0B9_
FNDA:1,_RNCNvNtNtNtCslj5Wu4Tp4GN_9lil_hopps5types8movement5tests18test_movement_zero0B9_
FNDA:0,_RNvXs0_NtNtCslj5Wu4Tp4GN_9lil_hopps5types8movementNtB5_8MovementNtNtCs8wOFr1cHCbA_4core3fmt5Debug3fmt
FNDA:6,_RNvMNtNtCslj5Wu4Tp4GN_9lil_hopps5types8movementNtB2_8Movement4zero
FNDA:1,_RNvXs_NtNtCslj5Wu4Tp4GN_9lil_hopps5types8movementNtB4_8MovementNtNtCs8wOFr1cHCbA_4core3fmt7Display3fmt
FNDA:2,_RNvXs4_NtNtCslj5Wu4Tp4GN_9lil_hopps5types8movementNtB5_8MovementNtNtCs8wOFr1cHCbA_4core3cmp9PartialEq2eqB9_
FNDA:2,_RNvMNtNtCslj5Wu4Tp4GN_9lil_hopps5types8movementNtB2_8Movement3new
FNDA:1,_RNvNtNtNtCslj5Wu4Tp4GN_9lil_hopps5types8movement5testss_17test_movement_new
FNDA:1,_RNvNtNtNtCslj5Wu4Tp4GN_9lil_hopps5types8movement5testss_18test_movement_zero
FNDA:1,_RNvNtNtNtCslj5Wu4Tp4GN_9lil_hopps5types8movement5testss_21test_movement_display
FNF:12
FNH:10
DA:1,4
DA:10,4
DA:11,4
DA:12,4
DA:13,4
DA:14,4
DA:15,4
DA:16,4
DA:17,4
DA:19,12
DA:20,12
DA:21,12
DA:22,12
DA:23,12
DA:24,12
DA:25,12
DA:26,12
DA:30,2
DA:31,2
DA:32,2
DA:39,2
DA:40,2
DA:41,2
DA:42,2
DA:43,2
DA:44,2
DA:45,2
DA:46,2
DA:47,2
DA:48,2
DA:49,2
DA:50,2
DA:52,2
DA:53,2
DA:54,2
DA:55,2
DA:56,2
DA:57,2
DA:58,2
DA:59,2
DA:61,2
DA:62,2
DA:63,2
DA:64,2
DA:65,2
DA:66,2
DA:67,2
DA:68,2
DA:69,2
DA:70,2
BRF:0
BRH:0
LF:52
LH:50
end_of_record
SF:/Users/alex/repos/victoryforphil/lil-hopps/src/types/pose.rs
FN:38,_RNvNtNtNtCsaoDM39njmw_9lil_hopps5types4pose5testss_13test_pose_new
FN:47,_RNvNtNtNtCsaoDM39njmw_9lil_hopps5types4pose5testss_14test_pose_zero
FN:54,_RNvNtNtNtCsaoDM39njmw_9lil_hopps5types4pose5testss_17test_pose_display
FN:1,_RNvXs1_NtNtCsaoDM39njmw_9lil_hopps5types4poseNtB5_4PoseNtNtCs8wOFr1cHCbA_4core5clone5Clone5cloneB9_
FN:9,_RNvXNtNtCsaoDM39njmw_9lil_hopps5types4poseNtB2_4PoseNtNtCs8wOFr1cHCbA_4core3fmt7Display3fmt
FN:1,_RNvXs4_NtNtCsaoDM39njmw_9lil_hopps5types4poseNtB5_4PoseNtNtCs8wOFr1cHCbA_4core3cmp9PartialEq2eqB9_
FN:16,_RNvMs_NtNtCsaoDM39njmw_9lil_hopps5types4poseNtB4_4Pose3new
FN:1,_RNvXs0_NtNtCsaoDM39njmw_9lil_hopps5types4poseNtB5_4PoseNtNtCs8wOFr1cHCbA_4core3fmt5Debug3fmt
FN:25,_RNvMs_NtNtCsaoDM39njmw_9lil_hopps5types4poseNtB4_4Pose4zero
FN:53,_RNCNvNtNtNtCsaoDM39njmw_9lil_hopps5types4pose5tests17test_pose_display0B9_
FN:37,_RNCNvNtNtNtCsaoDM39njmw_9lil_hopps5types4pose5tests13test_pose_new0B9_
FN:46,_RNCNvNtNtNtCsaoDM39njmw_9lil_hopps5types4pose5tests14test_pose_zero0B9_
FN:1,_RNvXs1_NtNtCslj5Wu4Tp4GN_9lil_hopps5types4poseNtB5_4PoseNtNtCs8wOFr1cHCbA_4core5clone5Clone5cloneB9_
FN:47,_RNvNtNtNtCslj5Wu4Tp4GN_9lil_hopps5types4pose5testss_14test_pose_zero
FN:54,_RNvNtNtNtCslj5Wu4Tp4GN_9lil_hopps5types4pose5testss_17test_pose_display
FN:38,_RNvNtNtNtCslj5Wu4Tp4GN_9lil_hopps5types4pose5testss_13test_pose_new
FN:1,_RNvXs4_NtNtCslj5Wu4Tp4GN_9lil_hopps5types4poseNtB5_4PoseNtNtCs8wOFr1cHCbA_4core3cmp9PartialEq2eqB9_
FN:9,_RNvXNtNtCslj5Wu4Tp4GN_9lil_hopps5types4poseNtB2_4PoseNtNtCs8wOFr1cHCbA_4core3fmt7Display3fmt
FN:16,_RNvMs_NtNtCslj5Wu4Tp4GN_9lil_hopps5types4poseNtB4_4Pose3new
FN:1,_RNvXs0_NtNtCslj5Wu4Tp4GN_9lil_hopps5types4poseNtB5_4PoseNtNtCs8wOFr1cHCbA_4core3fmt5Debug3fmt
FN:25,_RNvMs_NtNtCslj5Wu4Tp4GN_9lil_hopps5types4poseNtB4_4Pose4zero
FN:37,_RNCNvNtNtNtCslj5Wu4Tp4GN_9lil_hopps5types4pose5tests13test_pose_new0B9_
FN:46,_RNCNvNtNtNtCslj5Wu4Tp4GN_9lil_hopps5types4pose5tests14test_pose_zero0B9_
FN:53,_RNCNvNtNtNtCslj5Wu4Tp4GN_9lil_hopps5types4pose5tests17test_pose_display0B9_
FNDA:1,_RNvNtNtNtCsaoDM39njmw_9lil_hopps5types4pose5testss_13test_pose_new
FNDA:1,_RNvNtNtNtCsaoDM39njmw_9lil_hopps5types4pose5testss_14test_pose_zero
FNDA:1,_RNvNtNtNtCsaoDM39njmw_9lil_hopps5types4pose5testss_17test_pose_display
FNDA:0,_RNvXs1_NtNtCsaoDM39njmw_9lil_hopps5types4poseNtB5_4PoseNtNtCs8wOFr1cHCbA_4core5clone5Clone5cloneB9_
FNDA:1,_RNvXNtNtCsaoDM39njmw_9lil_hopps5types4poseNtB2_4PoseNtNtCs8wOFr1cHCbA_4core3fmt7Display3fmt
FNDA:2,_RNvXs4_NtNtCsaoDM39njmw_9lil_hopps5types4poseNtB5_4PoseNtNtCs8wOFr1cHCbA_4core3cmp9PartialEq2eqB9_
FNDA:2,_RNvMs_NtNtCsaoDM39njmw_9lil_hopps5types4poseNtB4_4Pose3new
FNDA:0,_RNvXs0_NtNtCsaoDM39njmw_9lil_hopps5types4poseNtB5_4PoseNtNtCs8wOFr1cHCbA_4core3fmt5Debug3fmt
FNDA:6,_RNvMs_NtNtCsaoDM39njmw_9lil_hopps5types4poseNtB4_4Pose4zero
FNDA:1,_RNCNvNtNtNtCsaoDM39njmw_9lil_hopps5types4pose5tests17test_pose_display0B9_
FNDA:1,_RNCNvNtNtNtCsaoDM39njmw_9lil_hopps5types4pose5tests13test_pose_new0B9_
FNDA:1,_RNCNvNtNtNtCsaoDM39njmw_9lil_hopps5types4pose5tests14test_pose_zero0B9_
FNDA:0,_RNvXs1_NtNtCslj5Wu4Tp4GN_9lil_hopps5types4poseNtB5_4PoseNtNtCs8wOFr1cHCbA_4core5clone5Clone5cloneB9_
FNDA:1,_RNvNtNtNtCslj5Wu4Tp4GN_9lil_hopps5types4pose5testss_14test_pose_zero
FNDA:1,_RNvNtNtNtCslj5Wu4Tp4GN_9lil_hopps5types4pose5testss_17test_pose_display
FNDA:1,_RNvNtNtNtCslj5Wu4Tp4GN_9lil_hopps5types4pose5testss_13test_pose_new
FNDA:2,_RNvXs4_NtNtCslj5Wu4Tp4GN_9lil_hopps5types4poseNtB5_4PoseNtNtCs8wOFr1cHCbA_4core3cmp9PartialEq2eqB9_
FNDA:1,_RNvXNtNtCslj5Wu4Tp4GN_9lil_hopps5types4poseNtB2_4PoseNtNtCs8wOFr1cHCbA_4core3fmt7Display3fmt
FNDA:2,_RNvMs_NtNtCslj5Wu4Tp4GN_9lil_hopps5types4poseNtB4_4Pose3new
FNDA:0,_RNvXs0_NtNtCslj5Wu4Tp4GN_9lil_hopps5types4poseNtB5_4PoseNtNtCs8wOFr1cHCbA_4core3fmt5Debug3fmt
FNDA:6,_RNvMs_NtNtCslj5Wu4Tp4GN_9lil_hopps5types4poseNtB4_4Pose4zero
FNDA:1,_RNCNvNtNtNtCslj5Wu4Tp4GN_9lil_hopps5types4pose5tests13test_pose_new0B9_
FNDA:1,_RNCNvNtNtNtCslj5Wu4Tp4GN_9lil_hopps5types4pose5tests14test_pose_zero0B9_
FNDA:1,_RNCNvNtNtNtCslj5Wu4Tp4GN_9lil_hopps5types4pose5tests17test_pose_display0B9_
FNF:12
FNH:10
DA:1,4
DA:9,2
DA:10,2
DA:11,2
DA:12,2
DA:16,4
DA:17,4
DA:18,4
DA:19,4
DA:20,4
DA:21,4
DA:25,12
DA:26,12
DA:27,12
DA:28,12
DA:29,12
DA:30,12
DA:37,2
DA:38,2
DA:39,2
DA:40,2
DA:41,2
DA:42,2
DA:43,2
DA:44,2
DA:46,2
DA:47,2
DA:48,2
DA:49,2
DA:50,2
DA:51,2
DA:53,2
DA:54,2
DA:55,2
DA:56,2
DA:57,2
DA:58,2
DA:59,2
DA:60,2
BRF:0
BRH:0
LF:41
LH:39
end_of_record
SF:/Users/alex/repos/victoryforphil/lil-hopps/src/uav/config.rs
FN:36,_RNCNvNtNtNtCsaoDM39njmw_9lil_hopps3uav6config5tests14test_new_250mm0B9_
FN:44,_RNCNvNtNtNtCsaoDM39njmw_9lil_hopps3uav6config5tests18test_rotation_lock0B9_
FN:1,_RNvXs_NtNtCsaoDM39njmw_9lil_hopps3uav6configNtB4_9UAVConfigNtNtCs8wOFr1cHCbA_4core3fmt5Debug3fmt
FN:1,_RNvXs0_NtNtCsaoDM39njmw_9lil_hopps3uav6configNtB5_9UAVConfigNtNtCs8wOFr1cHCbA_4core5clone5Clone5cloneB9_
FN:19,_RNvMNtNtCsaoDM39njmw_9lil_hopps3uav6configNtB2_9UAVConfig10lock_pitch
FN:23,_RNvMNtNtCsaoDM39njmw_9lil_hopps3uav6configNtB2_9UAVConfig9lock_roll
FN:27,_RNvMNtNtCsaoDM39njmw_9lil_hopps3uav6configNtB2_9UAVConfig8lock_yaw
FN:10,_RNvMNtNtCsaoDM39njmw_9lil_hopps3uav6configNtB2_9UAVConfig9new_250mm
FN:37,_RNvNtNtNtCsaoDM39njmw_9lil_hopps3uav6config5testss_14test_new_250mm
FN:45,_RNvNtNtNtCsaoDM39njmw_9lil_hopps3uav6config5testss_18test_rotation_lock
FN:1,_RNvXs0_NtNtCslj5Wu4Tp4GN_9lil_hopps3uav6configNtB5_9UAVConfigNtNtCs8wOFr1cHCbA_4core5clone5Clone5cloneB9_
FN:1,_RNvXs_NtNtCslj5Wu4Tp4GN_9lil_hopps3uav6configNtB4_9UAVConfigNtNtCs8wOFr1cHCbA_4core3fmt5Debug3fmt
FN:36,_RNCNvNtNtNtCslj5Wu4Tp4GN_9lil_hopps3uav6config5tests14test_new_250mm0B9_
FN:44,_RNCNvNtNtNtCslj5Wu4Tp4GN_9lil_hopps3uav6config5tests18test_rotation_lock0B9_
FN:45,_RNvNtNtNtCslj5Wu4Tp4GN_9lil_hopps3uav6config5testss_18test_rotation_lock
FN:37,_RNvNtNtNtCslj5Wu4Tp4GN_9lil_hopps3uav6config5testss_14test_new_250mm
FN:19,_RNvMNtNtCslj5Wu4Tp4GN_9lil_hopps3uav6configNtB2_9UAVConfig10lock_pitch
FN:23,_RNvMNtNtCslj5Wu4Tp4GN_9lil_hopps3uav6configNtB2_9UAVConfig9lock_roll
FN:27,_RNvMNtNtCslj5Wu4Tp4GN_9lil_hopps3uav6configNtB2_9UAVConfig8lock_yaw
FN:10,_RNvMNtNtCslj5Wu4Tp4GN_9lil_hopps3uav6configNtB2_9UAVConfig9new_250mm
FNDA:1,_RNCNvNtNtNtCsaoDM39njmw_9lil_hopps3uav6config5tests14test_new_250mm0B9_
FNDA:1,_RNCNvNtNtNtCsaoDM39njmw_9lil_hopps3uav6config5tests18test_rotation_lock0B9_
FNDA:0,_RNvXs_NtNtCsaoDM39njmw_9lil_hopps3uav6configNtB4_9UAVConfigNtNtCs8wOFr1cHCbA_4core3fmt5Debug3fmt
FNDA:0,_RNvXs0_NtNtCsaoDM39njmw_9lil_hopps3uav6configNtB5_9UAVConfigNtNtCs8wOFr1cHCbA_4core5clone5Clone5cloneB9_
FNDA:1,_RNvMNtNtCsaoDM39njmw_9lil_hopps3uav6configNtB2_9UAVConfig10lock_pitch
FNDA:1,_RNvMNtNtCsaoDM39njmw_9lil_hopps3uav6configNtB2_9UAVConfig9lock_roll
FNDA:1,_RNvMNtNtCsaoDM39njmw_9lil_hopps3uav6configNtB2_9UAVConfig8lock_yaw
FNDA:3,_RNvMNtNtCsaoDM39njmw_9lil_hopps3uav6configNtB2_9UAVConfig9new_250mm
FNDA:1,_RNvNtNtNtCsaoDM39njmw_9lil_hopps3uav6config5testss_14test_new_250mm
FNDA:1,_RNvNtNtNtCsaoDM39njmw_9lil_hopps3uav6config5testss_18test_rotation_lock
FNDA:0,_RNvXs0_NtNtCslj5Wu4Tp4GN_9lil_hopps3uav6configNtB5_9UAVConfigNtNtCs8wOFr1cHCbA_4core5clone5Clone5cloneB9_
FNDA:0,_RNvXs_NtNtCslj5Wu4Tp4GN_9lil_hopps3uav6configNtB4_9UAVConfigNtNtCs8wOFr1cHCbA_4core3fmt5Debug3fmt
FNDA:1,_RNCNvNtNtNtCslj5Wu4Tp4GN_9lil_hopps3uav6config5tests14test_new_250mm0B9_
FNDA:1,_RNCNvNtNtNtCslj5Wu4Tp4GN_9lil_hopps3uav6config5tests18test_rotation_lock0B9_
FNDA:1,_RNvNtNtNtCslj5Wu4Tp4GN_9lil_hopps3uav6config5testss_18test_rotation_lock
FNDA:1,_RNvNtNtNtCslj5Wu4Tp4GN_9lil_hopps3uav6config5testss_14test_new_250mm
FNDA:1,_RNvMNtNtCslj5Wu4Tp4GN_9lil_hopps3uav6configNtB2_9UAVConfig10lock_pitch
FNDA:1,_RNvMNtNtCslj5Wu4Tp4GN_9lil_hopps3uav6configNtB2_9UAVConfig9lock_roll
FNDA:1,_RNvMNtNtCslj5Wu4Tp4GN_9lil_hopps3uav6configNtB2_9UAVConfig8lock_yaw
FNDA:3,_RNvMNtNtCslj5Wu4Tp4GN_9lil_hopps3uav6configNtB2_9UAVConfig9new_250mm
FNF:10
FNH:8
DA:1,0
DA:10,6
DA:11,6
DA:12,6
DA:13,6
DA:14,6
DA:15,6
DA:16,6
DA:17,6
DA:19,2
DA:20,2
DA:21,2
DA:23,2
DA:24,2
DA:25,2
DA:27,2
DA:28,2
DA:29,2
DA:36,2
DA:37,2
DA:38,2
DA:39,2
DA:40,2
DA:41,2
DA:42,2
DA:44,2
DA:45,2
DA:46,2
DA:47,2
DA:48,2
DA:49,2
DA:50,2
DA:51,2
DA:52,2
DA:53,2
DA:54,2
DA:55,2
DA:57,2
DA:58,2
DA:59,2
DA:60,2
DA:62,2
DA:63,2
DA:64,2
DA:65,2
DA:66,2
BRF:0
BRH:0
LF:47
LH:45
end_of_record
SF:/Users/alex/repos/victoryforphil/lil-hopps/src/uav/mod.rs
FN:49,_RNvNtNtCsaoDM39njmw_9lil_hopps3uav5testss_8test_new
FN:48,_RNCNvNtNtCsaoDM39njmw_9lil_hopps3uav5tests8test_new0B7_
FN:34,_RNvMNtCsaoDM39njmw_9lil_hopps3uavNtB2_3UAV7process
FN:18,_RNvMNtCsaoDM39njmw_9lil_hopps3uavNtB2_3UAV3new
FN:34,_RNvMNtCslj5Wu4Tp4GN_9lil_hopps3uavNtB2_3UAV7process
FN:48,_RNCNvNtNtCslj5Wu4Tp4GN_9lil_hopps3uav5tests8test_new0B7_
FN:49,_RNvNtNtCslj5Wu4Tp4GN_9lil_hopps3uav5testss_8test_new
FN:18,_RNvMNtCslj5Wu4Tp4GN_9lil_hopps3uavNtB2_3UAV3new
FNDA:1,_RNvNtNtCsaoDM39njmw_9lil_hopps3uav5testss_8test_new
FNDA:1,_RNCNvNtNtCsaoDM39njmw_9lil_hopps3uav5tests8test_new0B7_
FNDA:0,_RNvMNtCsaoDM39njmw_9lil_hopps3uavNtB2_3UAV7process
FNDA:1,_RNvMNtCsaoDM39njmw_9lil_hopps3uavNtB2_3UAV3new
FNDA:0,_RNvMNtCslj5Wu4Tp4GN_9lil_hopps3uavNtB2_3UAV7process
FNDA:1,_RNCNvNtNtCslj5Wu4Tp4GN_9lil_hopps3uav5tests8test_new0B7_
FNDA:1,_RNvNtNtCslj5Wu4Tp4GN_9lil_hopps3uav5testss_8test_new
FNDA:1,_RNvMNtCslj5Wu4Tp4GN_9lil_hopps3uavNtB2_3UAV3new
FNF:4
FNH:3
DA:18,2
DA:19,2
DA:20,2
DA:22,10
DA:23,8
DA:24,8
DA:26,2
DA:27,2
DA:28,2
DA:29,2
DA:30,2
DA:31,2
DA:32,2
DA:34,0
DA:35,0
DA:37,0
DA:38,0
DA:39,0
DA:40,0
DA:41,0
DA:48,2
DA:49,2
DA:50,2
DA:51,2
DA:53,2
BRF:0
BRH:0
LF:25
LH:18
end_of_record
SF:/Users/alex/repos/victoryforphil/lil-hopps/src/uav/software.rs
FN:8,_RNvMNtNtCsaoDM39njmw_9lil_hopps3uav8softwareNtB2_11UAVSoftware3new
FN:14,_RNvMNtNtCsaoDM39njmw_9lil_hopps3uav8softwareNtB2_11UAVSoftware7process
FN:14,_RNvMNtNtCslj5Wu4Tp4GN_9lil_hopps3uav8softwareNtB2_11UAVSoftware7process
FN:8,_RNvMNtNtCslj5Wu4Tp4GN_9lil_hopps3uav8softwareNtB2_11UAVSoftware3new
FNDA:1,_RNvMNtNtCsaoDM39njmw_9lil_hopps3uav8softwareNtB2_11UAVSoftware3new
FNDA:0,_RNvMNtNtCsaoDM39njmw_9lil_hopps3uav8softwareNtB2_11UAVSoftware7process
FNDA:0,_RNvMNtNtCslj5Wu4Tp4GN_9lil_hopps3uav8softwareNtB2_11UAVSoftware7process
FNDA:1,_RNvMNtNtCslj5Wu4Tp4GN_9lil_hopps3uav8softwareNtB2_11UAVSoftware3new
FNF:2
FNH:1
DA:8,2
DA:9,2
DA:10,2
DA:11,2
DA:12,2
DA:14,0
DA:15,0
DA:16,0
DA:17,0
DA:18,0
BRF:0
BRH:0
LF:10
LH:5
end_of_record
SF:/Users/alex/repos/victoryforphil/lil-hopps/src/uav/state.rs
FN:20,_RNvMNtNtCsaoDM39njmw_9lil_hopps3uav5stateNtB2_8UAVState15safe_set_motors
FN:2,_RNvXs1_NtNtCsaoDM39njmw_9lil_hopps3uav5stateNtB5_8UAVStateNtNtCs8wOFr1cHCbA_4core3cmp9PartialEq2eqB9_
FN:2,_RNvXs_NtNtCsaoDM39njmw_9lil_hopps3uav5stateNtB4_8UAVStateNtNtCs8wOFr1cHCbA_4core3fmt5Debug3fmt
FN:10,_RNvMNtNtCsaoDM39njmw_9lil_hopps3uav5stateNtB2_8UAVState3new
FN:40,_RNvNtNtNtCsaoDM39njmw_9lil_hopps3uav5state5testss_20test_safe_set_motors
FN:32,_RNvNtNtNtCsaoDM39njmw_9lil_hopps3uav5state5testss_8test_new
FN:2,_RNvXs2_NtNtCsaoDM39njmw_9lil_hopps3uav5stateNtB5_8UAVStateNtNtCs8wOFr1cHCbA_4core5clone5Clone5cloneB9_
FN:31,_RNCNvNtNtNtCsaoDM39njmw_9lil_hopps3uav5state5tests8test_new0B9_
FN:39,_RNCNvNtNtNtCsaoDM39njmw_9lil_hopps3uav5state5tests20test_safe_set_motors0B9_
FN:2,_RNvXs2_NtNtCslj5Wu4Tp4GN_9lil_hopps3uav5stateNtB5_8UAVStateNtNtCs8wOFr1cHCbA_4core5clone5Clone5cloneB9_
FN:40,_RNvNtNtNtCslj5Wu4Tp4GN_9lil_hopps3uav5state5testss_20test_safe_set_motors
FN:32,_RNvNtNtNtCslj5Wu4Tp4GN_9lil_hopps3uav5state5testss_8test_new
FN:39,_RNCNvNtNtNtCslj5Wu4Tp4GN_9lil_hopps3uav5state5tests20test_safe_set_motors0B9_
FN:31,_RNCNvNtNtNtCslj5Wu4Tp4GN_9lil_hopps3uav5state5tests8test_new0B9_
FN:20,_RNvMNtNtCslj5Wu4Tp4GN_9lil_hopps3uav5stateNtB2_8UAVState15safe_set_motors
FN:2,_RNvXs1_NtNtCslj5Wu4Tp4GN_9lil_hopps3uav5stateNtB5_8UAVStateNtNtCs8wOFr1cHCbA_4core3cmp9PartialEq2eqB9_
FN:10,_RNvMNtNtCslj5Wu4Tp4GN_9lil_hopps3uav5stateNtB2_8UAVState3new
FN:2,_RNvXs_NtNtCslj5Wu4Tp4GN_9lil_hopps3uav5stateNtB4_8UAVStateNtNtCs8wOFr1cHCbA_4core3fmt5Debug3fmt
FNDA:1,_RNvMNtNtCsaoDM39njmw_9lil_hopps3uav5stateNtB2_8UAVState15safe_set_motors
FNDA:1,_RNvXs1_NtNtCsaoDM39njmw_9lil_hopps3uav5stateNtB5_8UAVStateNtNtCs8wOFr1cHCbA_4core3cmp9PartialEq2eqB9_
FNDA:0,_RNvXs_NtNtCsaoDM39njmw_9lil_hopps3uav5stateNtB4_8UAVStateNtNtCs8wOFr1cHCbA_4core3fmt5Debug3fmt
FNDA:4,_RNvMNtNtCsaoDM39njmw_9lil_hopps3uav5stateNtB2_8UAVState3new
FNDA:1,_RNvNtNtNtCsaoDM39njmw_9lil_hopps3uav5state5testss_20test_safe_set_motors
FNDA:1,_RNvNtNtNtCsaoDM39njmw_9lil_hopps3uav5state5testss_8test_new
FNDA:0,_RNvXs2_NtNtCsaoDM39njmw_9lil_hopps3uav5stateNtB5_8UAVStateNtNtCs8wOFr1cHCbA_4core5clone5Clone5cloneB9_
FNDA:1,_RNCNvNtNtNtCsaoDM39njmw_9lil_hopps3uav5state5tests8test_new0B9_
FNDA:1,_RNCNvNtNtNtCsaoDM39njmw_9lil_hopps3uav5state5tests20test_safe_set_motors0B9_
FNDA:0,_RNvXs2_NtNtCslj5Wu4Tp4GN_9lil_hopps3uav5stateNtB5_8UAVStateNtNtCs8wOFr1cHCbA_4core5clone5Clone5cloneB9_
FNDA:1,_RNvNtNtNtCslj5Wu4Tp4GN_9lil_hopps3uav5state5testss_20test_safe_set_motors
FNDA:1,_RNvNtNtNtCslj5Wu4Tp4GN_9lil_hopps3uav5state5testss_8test_new
FNDA:1,_RNCNvNtNtNtCslj5Wu4Tp4GN_9lil_hopps3uav5state5tests20test_safe_set_motors0B9_
FNDA:1,_RNCNvNtNtNtCslj5Wu4Tp4GN_9lil_hopps3uav5state5tests8test_new0B9_
FNDA:1,_RNvMNtNtCslj5Wu4Tp4GN_9lil_hopps3uav5stateNtB2_8UAVState15safe_set_motors
FNDA:1,_RNvXs1_NtNtCslj5Wu4Tp4GN_9lil_hopps3uav5stateNtB5_8UAVStateNtNtCs8wOFr1cHCbA_4core3cmp9PartialEq2eqB9_
FNDA:4,_RNvMNtNtCslj5Wu4Tp4GN_9lil_hopps3uav5stateNtB2_8UAVState3new
FNDA:0,_RNvXs_NtNtCslj5Wu4Tp4GN_9lil_hopps3uav5stateNtB4_8UAVStateNtNtCs8wOFr1cHCbA_4core3fmt5Debug3fmt
FNF:9
FNH:7
DA:2,2
DA:10,8
DA:11,8
DA:12,8
DA:13,8
DA:14,8
DA:15,8
DA:16,8
DA:20,2
DA:21,10
DA:22,8
DA:23,8
DA:24,2
DA:31,2
DA:32,2
DA:33,2
DA:34,2
DA:35,2
DA:36,2
DA:37,2
DA:39,2
DA:40,2
DA:41,2
DA:42,2
DA:43,2
DA:44,2
BRF:0
BRH:0
LF:28
LH:26
end_of_record
SF:/Users/alex/repos/victoryforphil/lil-hopps/src/viz/mod.rs
FN:6,_RNvMNtCsaoDM39njmw_9lil_hopps3vizNtB2_13Visualization3new
FN:16,_RNvMNtCsaoDM39njmw_9lil_hopps3vizNtB2_13Visualization6render
FN:12,_RNvMNtCsaoDM39njmw_9lil_hopps3vizNtB2_13Visualization4init
FNDA:0,_RNvMNtCsaoDM39njmw_9lil_hopps3vizNtB2_13Visualization3new
FNDA:0,_RNvMNtCsaoDM39njmw_9lil_hopps3vizNtB2_13Visualization6render
FNDA:0,_RNvMNtCsaoDM39njmw_9lil_hopps3vizNtB2_13Visualization4init
FNF:3
FNH:0
DA:6,0
DA:7,0
DA:8,0
DA:9,0
DA:10,0
DA:12,0
DA:13,0
DA:14,0
DA:16,0
DA:17,0
DA:18,0
BRF:0
BRH:0
LF:11
LH:0
end_of_record